{"/Users/jonathandameus/development/Code_GitHub/EmergeIT_Business/BehaviorMonitioring/server/index.js": {"path":"/Users/jonathandameus/development/Code_GitHub/EmergeIT_Business/BehaviorMonitioring/server/index.js","statementMap":{"0":{"start":{"line":1,"column":0},"end":{"line":1,"column":27}},"1":{"start":{"line":2,"column":30},"end":{"line":2,"column":67}},"2":{"start":{"line":3,"column":20},"end":{"line":3,"column":59}},"3":{"start":{"line":4,"column":41},"end":{"line":4,"column":60}},"4":{"start":{"line":5,"column":13},"end":{"line":5,"column":29}},"5":{"start":{"line":6,"column":13},"end":{"line":6,"column":29}},"6":{"start":{"line":7,"column":19},"end":{"line":7,"column":49}},"7":{"start":{"line":8,"column":21},"end":{"line":8,"column":43}},"8":{"start":{"line":9,"column":22},"end":{"line":9,"column":45}},"9":{"start":{"line":10,"column":13},"end":{"line":10,"column":28}},"10":{"start":{"line":11,"column":16},"end":{"line":11,"column":34}},"11":{"start":{"line":12,"column":12},"end":{"line":12,"column":21}},"12":{"start":{"line":13,"column":21},"end":{"line":13,"column":45}},"13":{"start":{"line":14,"column":23},"end":{"line":14,"column":61}},"14":{"start":{"line":15,"column":24},"end":{"line":15,"column":52}},"15":{"start":{"line":16,"column":22},"end":{"line":16,"column":59}},"16":{"start":{"line":17,"column":15},"end":{"line":17,"column":122}},"17":{"start":{"line":20,"column":23},"end":{"line":20,"column":68}},"18":{"start":{"line":23,"column":20},"end":{"line":38,"column":1}},"19":{"start":{"line":26,"column":4},"end":{"line":26,"column":45}},"20":{"start":{"line":26,"column":17},"end":{"line":26,"column":45}},"21":{"start":{"line":28,"column":4},"end":{"line":34,"column":5}},"22":{"start":{"line":29,"column":6},"end":{"line":29,"column":27}},"23":{"start":{"line":31,"column":6},"end":{"line":31,"column":66}},"24":{"start":{"line":32,"column":6},"end":{"line":32,"column":68}},"25":{"start":{"line":33,"column":6},"end":{"line":33,"column":49}},"26":{"start":{"line":40,"column":0},"end":{"line":40,"column":23}},"27":{"start":{"line":41,"column":0},"end":{"line":41,"column":24}},"28":{"start":{"line":42,"column":0},"end":{"line":42,"column":27}},"29":{"start":{"line":43,"column":0},"end":{"line":43,"column":24}},"30":{"start":{"line":53,"column":0},"end":{"line":60,"column":3}},"31":{"start":{"line":54,"column":2},"end":{"line":59,"column":3}},"32":{"start":{"line":55,"column":4},"end":{"line":55,"column":95}},"33":{"start":{"line":58,"column":4},"end":{"line":58,"column":146}},"34":{"start":{"line":62,"column":18},"end":{"line":62,"column":42}},"35":{"start":{"line":63,"column":0},"end":{"line":63,"column":28}},"36":{"start":{"line":65,"column":19},"end":{"line":65,"column":44}},"37":{"start":{"line":66,"column":0},"end":{"line":66,"column":46}},"38":{"start":{"line":68,"column":22},"end":{"line":68,"column":50}},"39":{"start":{"line":69,"column":0},"end":{"line":69,"column":52}},"40":{"start":{"line":71,"column":17},"end":{"line":71,"column":40}},"41":{"start":{"line":72,"column":0},"end":{"line":72,"column":42}},"42":{"start":{"line":74,"column":0},"end":{"line":78,"column":3}},"43":{"start":{"line":75,"column":14},"end":{"line":75,"column":36}},"44":{"start":{"line":76,"column":2},"end":{"line":76,"column":19}},"45":{"start":{"line":77,"column":2},"end":{"line":77,"column":12}},"46":{"start":{"line":81,"column":0},"end":{"line":92,"column":3}},"47":{"start":{"line":82,"column":2},"end":{"line":84,"column":3}},"48":{"start":{"line":83,"column":4},"end":{"line":83,"column":48}},"49":{"start":{"line":86,"column":2},"end":{"line":88,"column":3}},"50":{"start":{"line":87,"column":4},"end":{"line":87,"column":79}},"51":{"start":{"line":90,"column":2},"end":{"line":90,"column":41}},"52":{"start":{"line":91,"column":2},"end":{"line":91,"column":48}},"53":{"start":{"line":95,"column":20},"end":{"line":113,"column":1}},"54":{"start":{"line":96,"column":2},"end":{"line":112,"column":3}},"55":{"start":{"line":98,"column":4},"end":{"line":98,"column":27}},"56":{"start":{"line":101,"column":4},"end":{"line":101,"column":25}},"57":{"start":{"line":104,"column":4},"end":{"line":108,"column":7}},"58":{"start":{"line":105,"column":6},"end":{"line":105,"column":57}},"59":{"start":{"line":106,"column":6},"end":{"line":106,"column":77}},"60":{"start":{"line":107,"column":6},"end":{"line":107,"column":68}},"61":{"start":{"line":110,"column":4},"end":{"line":110,"column":52}},"62":{"start":{"line":111,"column":4},"end":{"line":111,"column":20}},"63":{"start":{"line":115,"column":0},"end":{"line":115,"column":14}}},"fnMap":{"0":{"name":"(anonymous_0)","decl":{"start":{"line":24,"column":10},"end":{"line":24,"column":11}},"loc":{"start":{"line":24,"column":38},"end":{"line":35,"column":3}},"line":24},"1":{"name":"(anonymous_1)","decl":{"start":{"line":53,"column":13},"end":{"line":53,"column":14}},"loc":{"start":{"line":53,"column":27},"end":{"line":60,"column":1}},"line":53},"2":{"name":"(anonymous_2)","decl":{"start":{"line":74,"column":8},"end":{"line":74,"column":9}},"loc":{"start":{"line":74,"column":28},"end":{"line":78,"column":1}},"line":74},"3":{"name":"(anonymous_3)","decl":{"start":{"line":81,"column":8},"end":{"line":81,"column":9}},"loc":{"start":{"line":81,"column":33},"end":{"line":92,"column":1}},"line":81},"4":{"name":"(anonymous_4)","decl":{"start":{"line":95,"column":20},"end":{"line":95,"column":21}},"loc":{"start":{"line":95,"column":32},"end":{"line":113,"column":1}},"line":95},"5":{"name":"(anonymous_5)","decl":{"start":{"line":104,"column":21},"end":{"line":104,"column":22}},"loc":{"start":{"line":104,"column":27},"end":{"line":108,"column":5}},"line":104}},"branchMap":{"0":{"loc":{"start":{"line":17,"column":15},"end":{"line":17,"column":122}},"type":"cond-expr","locations":[{"start":{"line":17,"column":28},"end":{"line":17,"column":49}},{"start":{"line":17,"column":52},"end":{"line":17,"column":122}}],"line":17},"1":{"loc":{"start":{"line":17,"column":74},"end":{"line":17,"column":120}},"type":"cond-expr","locations":[{"start":{"line":17,"column":93},"end":{"line":17,"column":115}},{"start":{"line":17,"column":118},"end":{"line":17,"column":120}}],"line":17},"2":{"loc":{"start":{"line":26,"column":4},"end":{"line":26,"column":45}},"type":"if","locations":[{"start":{"line":26,"column":4},"end":{"line":26,"column":45}},{"start":{},"end":{}}],"line":26},"3":{"loc":{"start":{"line":28,"column":4},"end":{"line":34,"column":5}},"type":"if","locations":[{"start":{"line":28,"column":4},"end":{"line":34,"column":5}},{"start":{"line":30,"column":11},"end":{"line":34,"column":5}}],"line":28},"4":{"loc":{"start":{"line":54,"column":2},"end":{"line":59,"column":3}},"type":"if","locations":[{"start":{"line":54,"column":2},"end":{"line":59,"column":3}},{"start":{"line":57,"column":7},"end":{"line":59,"column":3}}],"line":54},"5":{"loc":{"start":{"line":82,"column":2},"end":{"line":84,"column":3}},"type":"if","locations":[{"start":{"line":82,"column":2},"end":{"line":84,"column":3}},{"start":{},"end":{}}],"line":82},"6":{"loc":{"start":{"line":82,"column":6},"end":{"line":82,"column":38}},"type":"binary-expr","locations":[{"start":{"line":82,"column":6},"end":{"line":82,"column":16}},{"start":{"line":82,"column":20},"end":{"line":82,"column":38}}],"line":82},"7":{"loc":{"start":{"line":86,"column":2},"end":{"line":88,"column":3}},"type":"if","locations":[{"start":{"line":86,"column":2},"end":{"line":88,"column":3}},{"start":{},"end":{}}],"line":86},"8":{"loc":{"start":{"line":87,"column":39},"end":{"line":87,"column":77}},"type":"binary-expr","locations":[{"start":{"line":87,"column":39},"end":{"line":87,"column":50}},{"start":{"line":87,"column":54},"end":{"line":87,"column":77}}],"line":87},"9":{"loc":{"start":{"line":106,"column":36},"end":{"line":106,"column":73}},"type":"binary-expr","locations":[{"start":{"line":106,"column":36},"end":{"line":106,"column":56}},{"start":{"line":106,"column":60},"end":{"line":106,"column":73}}],"line":106},"10":{"loc":{"start":{"line":107,"column":33},"end":{"line":107,"column":64}},"type":"binary-expr","locations":[{"start":{"line":107,"column":33},"end":{"line":107,"column":52}},{"start":{"line":107,"column":56},"end":{"line":107,"column":64}}],"line":107}},"s":{"0":0,"1":0,"2":0,"3":0,"4":0,"5":0,"6":0,"7":0,"8":0,"9":0,"10":0,"11":0,"12":0,"13":0,"14":0,"15":0,"16":0,"17":0,"18":0,"19":0,"20":0,"21":0,"22":0,"23":0,"24":0,"25":0,"26":0,"27":0,"28":0,"29":0,"30":0,"31":0,"32":0,"33":0,"34":0,"35":0,"36":0,"37":0,"38":0,"39":0,"40":0,"41":0,"42":0,"43":0,"44":0,"45":0,"46":0,"47":0,"48":0,"49":0,"50":0,"51":0,"52":0,"53":0,"54":0,"55":0,"56":0,"57":0,"58":0,"59":0,"60":0,"61":0,"62":0,"63":0},"f":{"0":0,"1":0,"2":0,"3":0,"4":0,"5":0},"b":{"0":[0,0],"1":[0,0],"2":[0,0],"3":[0,0],"4":[0,0],"5":[0,0],"6":[0,0],"7":[0,0],"8":[0,0],"9":[0,0],"10":[0,0]}}
,"/Users/jonathandameus/development/Code_GitHub/EmergeIT_Business/BehaviorMonitioring/server/auth/cookies.js": {"path":"/Users/jonathandameus/development/Code_GitHub/EmergeIT_Business/BehaviorMonitioring/server/auth/cookies.js","statementMap":{"0":{"start":{"line":2,"column":4},"end":{"line":8,"column":7}},"1":{"start":{"line":12,"column":4},"end":{"line":14,"column":7}},"2":{"start":{"line":17,"column":0},"end":{"line":17,"column":58}}},"fnMap":{"0":{"name":"setRefreshCookie","decl":{"start":{"line":1,"column":9},"end":{"line":1,"column":25}},"loc":{"start":{"line":1,"column":38},"end":{"line":9,"column":1}},"line":1},"1":{"name":"clearRefreshCookie","decl":{"start":{"line":11,"column":9},"end":{"line":11,"column":27}},"loc":{"start":{"line":11,"column":33},"end":{"line":15,"column":1}},"line":11}},"branchMap":{"0":{"loc":{"start":{"line":2,"column":15},"end":{"line":2,"column":58}},"type":"binary-expr","locations":[{"start":{"line":2,"column":15},"end":{"line":2,"column":38}},{"start":{"line":2,"column":42},"end":{"line":2,"column":58}}],"line":2},"1":{"loc":{"start":{"line":5,"column":18},"end":{"line":5,"column":65}},"type":"cond-expr","locations":[{"start":{"line":5,"column":51},"end":{"line":5,"column":57}},{"start":{"line":5,"column":60},"end":{"line":5,"column":65}}],"line":5},"2":{"loc":{"start":{"line":7,"column":23},"end":{"line":7,"column":62}},"type":"binary-expr","locations":[{"start":{"line":7,"column":23},"end":{"line":7,"column":57}},{"start":{"line":7,"column":61},"end":{"line":7,"column":62}}],"line":7},"3":{"loc":{"start":{"line":12,"column":20},"end":{"line":12,"column":63}},"type":"binary-expr","locations":[{"start":{"line":12,"column":20},"end":{"line":12,"column":43}},{"start":{"line":12,"column":47},"end":{"line":12,"column":63}}],"line":12}},"s":{"0":0,"1":0,"2":0},"f":{"0":0,"1":0},"b":{"0":[0,0],"1":[0,0],"2":[0,0],"3":[0,0]}}
,"/Users/jonathandameus/development/Code_GitHub/EmergeIT_Business/BehaviorMonitioring/server/auth/createJWTToken.js": {"path":"/Users/jonathandameus/development/Code_GitHub/EmergeIT_Business/BehaviorMonitioring/server/auth/createJWTToken.js","statementMap":{"0":{"start":{"line":1,"column":12},"end":{"line":1,"column":35}},"1":{"start":{"line":2,"column":19},"end":{"line":2,"column":49}},"2":{"start":{"line":5,"column":4},"end":{"line":13,"column":6}},"3":{"start":{"line":17,"column":2},"end":{"line":25,"column":4}},"4":{"start":{"line":28,"column":0},"end":{"line":31,"column":2}}},"fnMap":{"0":{"name":"createJWTToken","decl":{"start":{"line":4,"column":9},"end":{"line":4,"column":23}},"loc":{"start":{"line":4,"column":33},"end":{"line":14,"column":1}},"line":4},"1":{"name":"createRefreshToken","decl":{"start":{"line":16,"column":9},"end":{"line":16,"column":27}},"loc":{"start":{"line":16,"column":37},"end":{"line":26,"column":1}},"line":16}},"branchMap":{"0":{"loc":{"start":{"line":10,"column":20},"end":{"line":10,"column":127}},"type":"cond-expr","locations":[{"start":{"line":10,"column":33},"end":{"line":10,"column":54}},{"start":{"line":10,"column":57},"end":{"line":10,"column":127}}],"line":10},"1":{"loc":{"start":{"line":10,"column":79},"end":{"line":10,"column":125}},"type":"cond-expr","locations":[{"start":{"line":10,"column":98},"end":{"line":10,"column":120}},{"start":{"line":10,"column":123},"end":{"line":10,"column":125}}],"line":10}},"s":{"0":0,"1":0,"2":0,"3":0,"4":0},"f":{"0":0,"1":0},"b":{"0":[0,0],"1":[0,0]}}
,"/Users/jonathandameus/development/Code_GitHub/EmergeIT_Business/BehaviorMonitioring/server/auth/device.js": {"path":"/Users/jonathandameus/development/Code_GitHub/EmergeIT_Business/BehaviorMonitioring/server/auth/device.js","statementMap":{"0":{"start":{"line":1,"column":15},"end":{"line":1,"column":32}},"1":{"start":{"line":4,"column":19},"end":{"line":4,"column":42}},"2":{"start":{"line":6,"column":4},"end":{"line":14,"column":5}},"3":{"start":{"line":7,"column":8},"end":{"line":7,"column":39}},"4":{"start":{"line":8,"column":8},"end":{"line":13,"column":11}},"5":{"start":{"line":16,"column":4},"end":{"line":16,"column":20}},"6":{"start":{"line":19,"column":0},"end":{"line":19,"column":41}}},"fnMap":{"0":{"name":"getOrCreateDeviceId","decl":{"start":{"line":3,"column":9},"end":{"line":3,"column":28}},"loc":{"start":{"line":3,"column":39},"end":{"line":17,"column":1}},"line":3}},"branchMap":{"0":{"loc":{"start":{"line":6,"column":4},"end":{"line":14,"column":5}},"type":"if","locations":[{"start":{"line":6,"column":4},"end":{"line":14,"column":5}},{"start":{},"end":{}}],"line":6}},"s":{"0":0,"1":0,"2":0,"3":0,"4":0,"5":0,"6":0},"f":{"0":0},"b":{"0":[0,0]}}
,"/Users/jonathandameus/development/Code_GitHub/EmergeIT_Business/BehaviorMonitioring/server/auth/refreshTokenStore.js": {"path":"/Users/jonathandameus/development/Code_GitHub/EmergeIT_Business/BehaviorMonitioring/server/auth/refreshTokenStore.js","statementMap":{"0":{"start":{"line":2,"column":14},"end":{"line":2,"column":24}},"1":{"start":{"line":3,"column":4},"end":{"line":3,"column":34}},"2":{"start":{"line":4,"column":4},"end":{"line":4,"column":27}},"3":{"start":{"line":8,"column":22},"end":{"line":8,"column":41}},"4":{"start":{"line":10,"column":4},"end":{"line":12,"column":6}},"5":{"start":{"line":14,"column":4},"end":{"line":14,"column":21}},"6":{"start":{"line":18,"column":4},"end":{"line":18,"column":75}},"7":{"start":{"line":22,"column":4},"end":{"line":24,"column":6}},"8":{"start":{"line":28,"column":4},"end":{"line":30,"column":6}},"9":{"start":{"line":34,"column":4},"end":{"line":37,"column":6}},"10":{"start":{"line":40,"column":0},"end":{"line":40,"column":117}}},"fnMap":{"0":{"name":"addDaysISO","decl":{"start":{"line":1,"column":9},"end":{"line":1,"column":19}},"loc":{"start":{"line":1,"column":26},"end":{"line":5,"column":1}},"line":1},"1":{"name":"insertRefreshToken","decl":{"start":{"line":7,"column":15},"end":{"line":7,"column":33}},"loc":{"start":{"line":7,"column":110},"end":{"line":15,"column":1}},"line":7},"2":{"name":"findRefreshToken","decl":{"start":{"line":17,"column":15},"end":{"line":17,"column":31}},"loc":{"start":{"line":17,"column":43},"end":{"line":19,"column":1}},"line":17},"3":{"name":"revokeRefreshToken","decl":{"start":{"line":21,"column":15},"end":{"line":21,"column":33}},"loc":{"start":{"line":21,"column":45},"end":{"line":25,"column":1}},"line":21},"4":{"name":"rotateRefreshToken","decl":{"start":{"line":27,"column":15},"end":{"line":27,"column":33}},"loc":{"start":{"line":27,"column":58},"end":{"line":31,"column":1}},"line":27},"5":{"name":"touchRefreshToken","decl":{"start":{"line":33,"column":15},"end":{"line":33,"column":32}},"loc":{"start":{"line":33,"column":44},"end":{"line":38,"column":1}},"line":33}},"branchMap":{"0":{"loc":{"start":{"line":11,"column":172},"end":{"line":11,"column":189}},"type":"binary-expr","locations":[{"start":{"line":11,"column":172},"end":{"line":11,"column":181}},{"start":{"line":11,"column":185},"end":{"line":11,"column":189}}],"line":11},"1":{"loc":{"start":{"line":11,"column":191},"end":{"line":11,"column":208}},"type":"binary-expr","locations":[{"start":{"line":11,"column":191},"end":{"line":11,"column":200}},{"start":{"line":11,"column":204},"end":{"line":11,"column":208}}],"line":11},"2":{"loc":{"start":{"line":11,"column":210},"end":{"line":11,"column":226}},"type":"binary-expr","locations":[{"start":{"line":11,"column":210},"end":{"line":11,"column":218}},{"start":{"line":11,"column":222},"end":{"line":11,"column":226}}],"line":11},"3":{"loc":{"start":{"line":11,"column":228},"end":{"line":11,"column":336}},"type":"cond-expr","locations":[{"start":{"line":11,"column":242},"end":{"line":11,"column":308}},{"start":{"line":11,"column":312},"end":{"line":11,"column":336}}],"line":11},"4":{"loc":{"start":{"line":11,"column":242},"end":{"line":11,"column":308}},"type":"cond-expr","locations":[{"start":{"line":11,"column":271},"end":{"line":11,"column":295}},{"start":{"line":11,"column":298},"end":{"line":11,"column":308}}],"line":11}},"s":{"0":1,"1":1,"2":1,"3":1,"4":1,"5":1,"6":2,"7":1,"8":1,"9":1,"10":1},"f":{"0":1,"1":1,"2":2,"3":1,"4":1,"5":1},"b":{"0":[1,0],"1":[1,0],"2":[1,0],"3":[1,0],"4":[1,0]},"_coverageSchema":"1a1c01bbd47fc00a2c39e90264f33305004495a9","hash":"5759e0c622afb8ed0f7c5b20bb78a1472b68cc46"}
,"/Users/jonathandameus/development/Code_GitHub/EmergeIT_Business/BehaviorMonitioring/server/auth/tokens.js": {"path":"/Users/jonathandameus/development/Code_GitHub/EmergeIT_Business/BehaviorMonitioring/server/auth/tokens.js","statementMap":{"0":{"start":{"line":1,"column":12},"end":{"line":1,"column":35}},"1":{"start":{"line":2,"column":19},"end":{"line":2,"column":49}},"2":{"start":{"line":5,"column":4},"end":{"line":9,"column":7}},"3":{"start":{"line":14,"column":4},"end":{"line":18,"column":7}},"4":{"start":{"line":22,"column":4},"end":{"line":25,"column":7}},"5":{"start":{"line":29,"column":4},"end":{"line":37,"column":5}},"6":{"start":{"line":30,"column":24},"end":{"line":33,"column":10}},"7":{"start":{"line":34,"column":8},"end":{"line":34,"column":40}},"8":{"start":{"line":36,"column":8},"end":{"line":36,"column":54}},"9":{"start":{"line":40,"column":0},"end":{"line":40,"column":98}}},"fnMap":{"0":{"name":"createAccessToken","decl":{"start":{"line":4,"column":9},"end":{"line":4,"column":26}},"loc":{"start":{"line":4,"column":36},"end":{"line":10,"column":1}},"line":4},"1":{"name":"createRefreshToken","decl":{"start":{"line":13,"column":9},"end":{"line":13,"column":27}},"loc":{"start":{"line":13,"column":36},"end":{"line":19,"column":1}},"line":13},"2":{"name":"verifyRefreshToken","decl":{"start":{"line":21,"column":9},"end":{"line":21,"column":27}},"loc":{"start":{"line":21,"column":35},"end":{"line":26,"column":1}},"line":21},"3":{"name":"verifyAccessToken","decl":{"start":{"line":28,"column":9},"end":{"line":28,"column":26}},"loc":{"start":{"line":28,"column":34},"end":{"line":38,"column":1}},"line":28}},"branchMap":{"0":{"loc":{"start":{"line":6,"column":19},"end":{"line":6,"column":56}},"type":"binary-expr","locations":[{"start":{"line":6,"column":19},"end":{"line":6,"column":47}},{"start":{"line":6,"column":51},"end":{"line":6,"column":56}}],"line":6},"1":{"loc":{"start":{"line":7,"column":16},"end":{"line":7,"column":123}},"type":"cond-expr","locations":[{"start":{"line":7,"column":29},"end":{"line":7,"column":50}},{"start":{"line":7,"column":53},"end":{"line":7,"column":123}}],"line":7},"2":{"loc":{"start":{"line":7,"column":75},"end":{"line":7,"column":121}},"type":"cond-expr","locations":[{"start":{"line":7,"column":94},"end":{"line":7,"column":116}},{"start":{"line":7,"column":119},"end":{"line":7,"column":121}}],"line":7},"3":{"loc":{"start":{"line":15,"column":19},"end":{"line":15,"column":103}},"type":"cond-expr","locations":[{"start":{"line":15,"column":56},"end":{"line":15,"column":96}},{"start":{"line":15,"column":99},"end":{"line":15,"column":103}}],"line":15},"4":{"loc":{"start":{"line":16,"column":16},"end":{"line":16,"column":123}},"type":"cond-expr","locations":[{"start":{"line":16,"column":29},"end":{"line":16,"column":50}},{"start":{"line":16,"column":53},"end":{"line":16,"column":123}}],"line":16},"5":{"loc":{"start":{"line":16,"column":75},"end":{"line":16,"column":121}},"type":"cond-expr","locations":[{"start":{"line":16,"column":94},"end":{"line":16,"column":116}},{"start":{"line":16,"column":119},"end":{"line":16,"column":121}}],"line":16},"6":{"loc":{"start":{"line":23,"column":16},"end":{"line":23,"column":123}},"type":"cond-expr","locations":[{"start":{"line":23,"column":29},"end":{"line":23,"column":50}},{"start":{"line":23,"column":53},"end":{"line":23,"column":123}}],"line":23},"7":{"loc":{"start":{"line":23,"column":75},"end":{"line":23,"column":121}},"type":"cond-expr","locations":[{"start":{"line":23,"column":94},"end":{"line":23,"column":116}},{"start":{"line":23,"column":119},"end":{"line":23,"column":121}}],"line":23},"8":{"loc":{"start":{"line":31,"column":20},"end":{"line":31,"column":127}},"type":"cond-expr","locations":[{"start":{"line":31,"column":33},"end":{"line":31,"column":54}},{"start":{"line":31,"column":57},"end":{"line":31,"column":127}}],"line":31},"9":{"loc":{"start":{"line":31,"column":79},"end":{"line":31,"column":125}},"type":"cond-expr","locations":[{"start":{"line":31,"column":98},"end":{"line":31,"column":120}},{"start":{"line":31,"column":123},"end":{"line":31,"column":125}}],"line":31}},"s":{"0":1,"1":1,"2":4,"3":3,"4":2,"5":3,"6":3,"7":1,"8":2,"9":1},"f":{"0":4,"1":3,"2":2,"3":3},"b":{"0":[4,0],"1":[0,4],"2":[4,0],"3":[0,3],"4":[0,3],"5":[3,0],"6":[0,2],"7":[2,0],"8":[0,3],"9":[3,0]},"_coverageSchema":"1a1c01bbd47fc00a2c39e90264f33305004495a9","hash":"92b5aa1a97bf6ce2ccbdbca03a584a8d818f7125"}
,"/Users/jonathandameus/development/Code_GitHub/EmergeIT_Business/BehaviorMonitioring/server/config/database.js": {"path":"/Users/jonathandameus/development/Code_GitHub/EmergeIT_Business/BehaviorMonitioring/server/config/database.js","statementMap":{"0":{"start":{"line":1,"column":22},"end":{"line":1,"column":42}},"1":{"start":{"line":2,"column":0},"end":{"line":2,"column":27}},"2":{"start":{"line":4,"column":22},"end":{"line":4,"column":60}},"3":{"start":{"line":5,"column":15},"end":{"line":5,"column":46}},"4":{"start":{"line":9,"column":0},"end":{"line":40,"column":1}},"5":{"start":{"line":10,"column":2},"end":{"line":29,"column":4}},"6":{"start":{"line":32,"column":2},"end":{"line":39,"column":5}},"7":{"start":{"line":42,"column":0},"end":{"line":42,"column":27}}},"fnMap":{},"branchMap":{"0":{"loc":{"start":{"line":5,"column":15},"end":{"line":5,"column":46}},"type":"binary-expr","locations":[{"start":{"line":5,"column":15},"end":{"line":5,"column":34}},{"start":{"line":5,"column":38},"end":{"line":5,"column":46}}],"line":5},"1":{"loc":{"start":{"line":9,"column":0},"end":{"line":40,"column":1}},"type":"if","locations":[{"start":{"line":9,"column":0},"end":{"line":40,"column":1}},{"start":{"line":30,"column":7},"end":{"line":40,"column":1}}],"line":9},"2":{"loc":{"start":{"line":16,"column":12},"end":{"line":16,"column":42}},"type":"binary-expr","locations":[{"start":{"line":16,"column":12},"end":{"line":16,"column":34}},{"start":{"line":16,"column":38},"end":{"line":16,"column":42}}],"line":16},"3":{"loc":{"start":{"line":18,"column":15},"end":{"line":18,"column":50}},"type":"cond-expr","locations":[{"start":{"line":18,"column":31},"end":{"line":18,"column":42}},{"start":{"line":18,"column":45},"end":{"line":18,"column":50}}],"line":18},"4":{"loc":{"start":{"line":34,"column":13},"end":{"line":34,"column":78}},"type":"binary-expr","locations":[{"start":{"line":34,"column":13},"end":{"line":34,"column":36}},{"start":{"line":34,"column":40},"end":{"line":34,"column":78}}],"line":34},"5":{"loc":{"start":{"line":35,"column":13},"end":{"line":35,"column":48}},"type":"cond-expr","locations":[{"start":{"line":35,"column":29},"end":{"line":35,"column":40}},{"start":{"line":35,"column":43},"end":{"line":35,"column":48}}],"line":35}},"s":{"0":0,"1":0,"2":0,"3":0,"4":0,"5":0,"6":0,"7":0},"f":{},"b":{"0":[0,0],"1":[0,0],"2":[0,0],"3":[0,0],"4":[0,0],"5":[0,0]}}
,"/Users/jonathandameus/development/Code_GitHub/EmergeIT_Business/BehaviorMonitioring/server/functions/aba/behaviorPlanExpirationCountDown.js": {"path":"/Users/jonathandameus/development/Code_GitHub/EmergeIT_Business/BehaviorMonitioring/server/functions/aba/behaviorPlanExpirationCountDown.js","statementMap":{"0":{"start":{"line":1,"column":29},"end":{"line":1,"column":48}},"1":{"start":{"line":4,"column":4},"end":{"line":25,"column":7}},"2":{"start":{"line":5,"column":8},"end":{"line":24,"column":9}},"3":{"start":{"line":6,"column":24},"end":{"line":6,"column":34}},"4":{"start":{"line":7,"column":27},"end":{"line":7,"column":47}},"5":{"start":{"line":9,"column":12},"end":{"line":12,"column":13}},"6":{"start":{"line":10,"column":16},"end":{"line":10,"column":57}},"7":{"start":{"line":11,"column":16},"end":{"line":11,"column":23}},"8":{"start":{"line":14,"column":12},"end":{"line":17,"column":13}},"9":{"start":{"line":15,"column":16},"end":{"line":15,"column":27}},"10":{"start":{"line":16,"column":16},"end":{"line":16,"column":23}},"11":{"start":{"line":19,"column":35},"end":{"line":19,"column":64}},"12":{"start":{"line":21,"column":12},"end":{"line":21,"column":36}},"13":{"start":{"line":23,"column":12},"end":{"line":23,"column":26}},"14":{"start":{"line":28,"column":0},"end":{"line":30,"column":1}}},"fnMap":{"0":{"name":"behaviorPlanExpirationCountDown","decl":{"start":{"line":3,"column":9},"end":{"line":3,"column":40}},"loc":{"start":{"line":3,"column":53},"end":{"line":26,"column":1}},"line":3},"1":{"name":"(anonymous_1)","decl":{"start":{"line":4,"column":23},"end":{"line":4,"column":24}},"loc":{"start":{"line":4,"column":44},"end":{"line":25,"column":5}},"line":4}},"branchMap":{"0":{"loc":{"start":{"line":9,"column":12},"end":{"line":12,"column":13}},"type":"if","locations":[{"start":{"line":9,"column":12},"end":{"line":12,"column":13}},{"start":{},"end":{}}],"line":9},"1":{"loc":{"start":{"line":14,"column":12},"end":{"line":17,"column":13}},"type":"if","locations":[{"start":{"line":14,"column":12},"end":{"line":17,"column":13}},{"start":{},"end":{}}],"line":14}},"s":{"0":0,"1":0,"2":0,"3":0,"4":0,"5":0,"6":0,"7":0,"8":0,"9":0,"10":0,"11":0,"12":0,"13":0,"14":0},"f":{"0":0,"1":0},"b":{"0":[0,0],"1":[0,0]}}
,"/Users/jonathandameus/development/Code_GitHub/EmergeIT_Business/BehaviorMonitioring/server/functions/base/addDayYear.js": {"path":"/Users/jonathandameus/development/Code_GitHub/EmergeIT_Business/BehaviorMonitioring/server/functions/base/addDayYear.js","statementMap":{"0":{"start":{"line":2,"column":19},"end":{"line":2,"column":33}},"1":{"start":{"line":3,"column":4},"end":{"line":3,"column":44}},"2":{"start":{"line":4,"column":4},"end":{"line":4,"column":18}},"3":{"start":{"line":8,"column":19},"end":{"line":8,"column":33}},"4":{"start":{"line":9,"column":4},"end":{"line":9,"column":53}},"5":{"start":{"line":10,"column":4},"end":{"line":10,"column":18}},"6":{"start":{"line":13,"column":0},"end":{"line":16,"column":1}}},"fnMap":{"0":{"name":"addDays","decl":{"start":{"line":1,"column":15},"end":{"line":1,"column":22}},"loc":{"start":{"line":1,"column":35},"end":{"line":5,"column":1}},"line":1},"1":{"name":"addYears","decl":{"start":{"line":7,"column":15},"end":{"line":7,"column":23}},"loc":{"start":{"line":7,"column":37},"end":{"line":11,"column":1}},"line":7}},"branchMap":{},"s":{"0":0,"1":0,"2":0,"3":0,"4":0,"5":0,"6":0},"f":{"0":0,"1":0},"b":{}}
,"/Users/jonathandameus/development/Code_GitHub/EmergeIT_Business/BehaviorMonitioring/server/functions/base/currentDateTime.js": {"path":"/Users/jonathandameus/development/Code_GitHub/EmergeIT_Business/BehaviorMonitioring/server/functions/base/currentDateTime.js","statementMap":{"0":{"start":{"line":1,"column":16},"end":{"line":1,"column":48}},"1":{"start":{"line":4,"column":4},"end":{"line":11,"column":7}},"2":{"start":{"line":5,"column":8},"end":{"line":10,"column":9}},"3":{"start":{"line":6,"column":32},"end":{"line":6,"column":42}},"4":{"start":{"line":7,"column":12},"end":{"line":7,"column":70}},"5":{"start":{"line":9,"column":12},"end":{"line":9,"column":26}},"6":{"start":{"line":15,"column":4},"end":{"line":22,"column":7}},"7":{"start":{"line":16,"column":8},"end":{"line":21,"column":9}},"8":{"start":{"line":17,"column":32},"end":{"line":17,"column":42}},"9":{"start":{"line":18,"column":12},"end":{"line":18,"column":70}},"10":{"start":{"line":20,"column":12},"end":{"line":20,"column":26}},"11":{"start":{"line":25,"column":0},"end":{"line":28,"column":1}}},"fnMap":{"0":{"name":"getCurrentDate","decl":{"start":{"line":3,"column":15},"end":{"line":3,"column":29}},"loc":{"start":{"line":3,"column":32},"end":{"line":12,"column":1}},"line":3},"1":{"name":"(anonymous_1)","decl":{"start":{"line":4,"column":23},"end":{"line":4,"column":24}},"loc":{"start":{"line":4,"column":44},"end":{"line":11,"column":5}},"line":4},"2":{"name":"getCurrentTime","decl":{"start":{"line":14,"column":15},"end":{"line":14,"column":29}},"loc":{"start":{"line":14,"column":32},"end":{"line":23,"column":1}},"line":14},"3":{"name":"(anonymous_3)","decl":{"start":{"line":15,"column":23},"end":{"line":15,"column":24}},"loc":{"start":{"line":15,"column":44},"end":{"line":22,"column":5}},"line":15}},"branchMap":{},"s":{"0":0,"1":0,"2":0,"3":0,"4":0,"5":0,"6":0,"7":0,"8":0,"9":0,"10":0,"11":0},"f":{"0":0,"1":0,"2":0,"3":0},"b":{}}
,"/Users/jonathandameus/development/Code_GitHub/EmergeIT_Business/BehaviorMonitioring/server/functions/base/dateTimeFormat.js": {"path":"/Users/jonathandameus/development/Code_GitHub/EmergeIT_Business/BehaviorMonitioring/server/functions/base/dateTimeFormat.js","statementMap":{"0":{"start":{"line":1,"column":26},"end":{"line":1,"column":45}},"1":{"start":{"line":2,"column":16},"end":{"line":2,"column":28}},"2":{"start":{"line":3,"column":20},"end":{"line":3,"column":27}},"3":{"start":{"line":4,"column":26},"end":{"line":4,"column":38}},"4":{"start":{"line":8,"column":23},"end":{"line":8,"column":59}},"5":{"start":{"line":11,"column":4},"end":{"line":11,"column":39}},"6":{"start":{"line":15,"column":4},"end":{"line":15,"column":33}},"7":{"start":{"line":19,"column":23},"end":{"line":19,"column":59}},"8":{"start":{"line":20,"column":4},"end":{"line":20,"column":58}},"9":{"start":{"line":23,"column":0},"end":{"line":27,"column":1}}},"fnMap":{"0":{"name":"dateTimeFormat","decl":{"start":{"line":6,"column":15},"end":{"line":6,"column":29}},"loc":{"start":{"line":6,"column":40},"end":{"line":12,"column":1}},"line":6},"1":{"name":"formatDateString","decl":{"start":{"line":14,"column":15},"end":{"line":14,"column":31}},"loc":{"start":{"line":14,"column":38},"end":{"line":16,"column":1}},"line":14},"2":{"name":"formatTimeString","decl":{"start":{"line":18,"column":15},"end":{"line":18,"column":31}},"loc":{"start":{"line":18,"column":38},"end":{"line":21,"column":1}},"line":18}},"branchMap":{},"s":{"0":0,"1":0,"2":0,"3":0,"4":0,"5":0,"6":0,"7":0,"8":0,"9":0},"f":{"0":0,"1":0,"2":0},"b":{}}
,"/Users/jonathandameus/development/Code_GitHub/EmergeIT_Business/BehaviorMonitioring/server/functions/base/jsonHandler.js": {"path":"/Users/jonathandameus/development/Code_GitHub/EmergeIT_Business/BehaviorMonitioring/server/functions/base/jsonHandler.js","statementMap":{"0":{"start":{"line":1,"column":11},"end":{"line":1,"column":24}},"1":{"start":{"line":2,"column":29},"end":{"line":2,"column":70}},"2":{"start":{"line":6,"column":4},"end":{"line":15,"column":7}},"3":{"start":{"line":7,"column":4},"end":{"line":14,"column":5}},"4":{"start":{"line":8,"column":8},"end":{"line":8,"column":55}},"5":{"start":{"line":9,"column":8},"end":{"line":9,"column":15}},"6":{"start":{"line":12,"column":8},"end":{"line":12,"column":47}},"7":{"start":{"line":13,"column":8},"end":{"line":13,"column":15}},"8":{"start":{"line":18,"column":28},"end":{"line":30,"column":1}},"9":{"start":{"line":19,"column":4},"end":{"line":29,"column":7}},"10":{"start":{"line":20,"column":8},"end":{"line":28,"column":11}},"11":{"start":{"line":21,"column":12},"end":{"line":25,"column":13}},"12":{"start":{"line":22,"column":16},"end":{"line":22,"column":58}},"13":{"start":{"line":23,"column":16},"end":{"line":23,"column":28}},"14":{"start":{"line":24,"column":16},"end":{"line":24,"column":23}},"15":{"start":{"line":26,"column":29},"end":{"line":26,"column":45}},"16":{"start":{"line":27,"column":12},"end":{"line":27,"column":30}},"17":{"start":{"line":32,"column":22},"end":{"line":44,"column":1}},"18":{"start":{"line":33,"column":4},"end":{"line":43,"column":7}},"19":{"start":{"line":34,"column":8},"end":{"line":42,"column":11}},"20":{"start":{"line":35,"column":12},"end":{"line":39,"column":13}},"21":{"start":{"line":36,"column":16},"end":{"line":36,"column":58}},"22":{"start":{"line":37,"column":16},"end":{"line":37,"column":28}},"23":{"start":{"line":38,"column":16},"end":{"line":38,"column":23}},"24":{"start":{"line":40,"column":29},"end":{"line":40,"column":45}},"25":{"start":{"line":41,"column":12},"end":{"line":41,"column":43}},"26":{"start":{"line":46,"column":22},"end":{"line":58,"column":1}},"27":{"start":{"line":47,"column":4},"end":{"line":57,"column":7}},"28":{"start":{"line":48,"column":8},"end":{"line":56,"column":11}},"29":{"start":{"line":49,"column":12},"end":{"line":53,"column":13}},"30":{"start":{"line":50,"column":16},"end":{"line":50,"column":58}},"31":{"start":{"line":51,"column":16},"end":{"line":51,"column":28}},"32":{"start":{"line":52,"column":16},"end":{"line":52,"column":23}},"33":{"start":{"line":54,"column":29},"end":{"line":54,"column":45}},"34":{"start":{"line":55,"column":12},"end":{"line":55,"column":43}},"35":{"start":{"line":61,"column":24},"end":{"line":61,"column":34}},"36":{"start":{"line":62,"column":26},"end":{"line":62,"column":95}},"37":{"start":{"line":64,"column":4},"end":{"line":81,"column":7}},"38":{"start":{"line":65,"column":8},"end":{"line":68,"column":9}},"39":{"start":{"line":66,"column":12},"end":{"line":66,"column":54}},"40":{"start":{"line":67,"column":12},"end":{"line":67,"column":19}},"41":{"start":{"line":70,"column":23},"end":{"line":70,"column":39}},"42":{"start":{"line":71,"column":8},"end":{"line":71,"column":69}},"43":{"start":{"line":72,"column":8},"end":{"line":72,"column":74}},"44":{"start":{"line":74,"column":8},"end":{"line":80,"column":11}},"45":{"start":{"line":75,"column":8},"end":{"line":78,"column":9}},"46":{"start":{"line":76,"column":12},"end":{"line":76,"column":54}},"47":{"start":{"line":77,"column":12},"end":{"line":77,"column":19}},"48":{"start":{"line":79,"column":8},"end":{"line":79,"column":57}},"49":{"start":{"line":85,"column":24},"end":{"line":85,"column":34}},"50":{"start":{"line":86,"column":26},"end":{"line":86,"column":95}},"51":{"start":{"line":88,"column":4},"end":{"line":105,"column":7}},"52":{"start":{"line":89,"column":8},"end":{"line":92,"column":9}},"53":{"start":{"line":90,"column":12},"end":{"line":90,"column":54}},"54":{"start":{"line":91,"column":12},"end":{"line":91,"column":19}},"55":{"start":{"line":94,"column":23},"end":{"line":94,"column":39}},"56":{"start":{"line":95,"column":8},"end":{"line":95,"column":69}},"57":{"start":{"line":96,"column":8},"end":{"line":96,"column":74}},"58":{"start":{"line":98,"column":8},"end":{"line":104,"column":11}},"59":{"start":{"line":99,"column":8},"end":{"line":102,"column":9}},"60":{"start":{"line":100,"column":12},"end":{"line":100,"column":54}},"61":{"start":{"line":101,"column":12},"end":{"line":101,"column":19}},"62":{"start":{"line":103,"column":8},"end":{"line":103,"column":57}},"63":{"start":{"line":108,"column":0},"end":{"line":115,"column":1}}},"fnMap":{"0":{"name":"testJson","decl":{"start":{"line":4,"column":9},"end":{"line":4,"column":17}},"loc":{"start":{"line":4,"column":21},"end":{"line":16,"column":1}},"line":4},"1":{"name":"(anonymous_1)","decl":{"start":{"line":6,"column":46},"end":{"line":6,"column":47}},"loc":{"start":{"line":6,"column":61},"end":{"line":15,"column":5}},"line":6},"2":{"name":"(anonymous_2)","decl":{"start":{"line":18,"column":28},"end":{"line":18,"column":29}},"loc":{"start":{"line":18,"column":34},"end":{"line":30,"column":1}},"line":18},"3":{"name":"(anonymous_3)","decl":{"start":{"line":19,"column":23},"end":{"line":19,"column":24}},"loc":{"start":{"line":19,"column":44},"end":{"line":29,"column":5}},"line":19},"4":{"name":"(anonymous_4)","decl":{"start":{"line":20,"column":50},"end":{"line":20,"column":51}},"loc":{"start":{"line":20,"column":65},"end":{"line":28,"column":9}},"line":20},"5":{"name":"(anonymous_5)","decl":{"start":{"line":32,"column":22},"end":{"line":32,"column":23}},"loc":{"start":{"line":32,"column":28},"end":{"line":44,"column":1}},"line":32},"6":{"name":"(anonymous_6)","decl":{"start":{"line":33,"column":23},"end":{"line":33,"column":24}},"loc":{"start":{"line":33,"column":44},"end":{"line":43,"column":5}},"line":33},"7":{"name":"(anonymous_7)","decl":{"start":{"line":34,"column":50},"end":{"line":34,"column":51}},"loc":{"start":{"line":34,"column":65},"end":{"line":42,"column":9}},"line":34},"8":{"name":"(anonymous_8)","decl":{"start":{"line":46,"column":22},"end":{"line":46,"column":23}},"loc":{"start":{"line":46,"column":28},"end":{"line":58,"column":1}},"line":46},"9":{"name":"(anonymous_9)","decl":{"start":{"line":47,"column":23},"end":{"line":47,"column":24}},"loc":{"start":{"line":47,"column":44},"end":{"line":57,"column":5}},"line":47},"10":{"name":"(anonymous_10)","decl":{"start":{"line":48,"column":50},"end":{"line":48,"column":51}},"loc":{"start":{"line":48,"column":65},"end":{"line":56,"column":9}},"line":48},"11":{"name":"updateBackupDetails","decl":{"start":{"line":60,"column":9},"end":{"line":60,"column":28}},"loc":{"start":{"line":60,"column":51},"end":{"line":82,"column":1}},"line":60},"12":{"name":"(anonymous_12)","decl":{"start":{"line":64,"column":46},"end":{"line":64,"column":47}},"loc":{"start":{"line":64,"column":61},"end":{"line":81,"column":5}},"line":64},"13":{"name":"(anonymous_13)","decl":{"start":{"line":74,"column":78},"end":{"line":74,"column":79}},"loc":{"start":{"line":74,"column":87},"end":{"line":80,"column":9}},"line":74},"14":{"name":"updateImportDetails","decl":{"start":{"line":84,"column":9},"end":{"line":84,"column":28}},"loc":{"start":{"line":84,"column":51},"end":{"line":106,"column":1}},"line":84},"15":{"name":"(anonymous_15)","decl":{"start":{"line":88,"column":46},"end":{"line":88,"column":47}},"loc":{"start":{"line":88,"column":61},"end":{"line":105,"column":5}},"line":88},"16":{"name":"(anonymous_16)","decl":{"start":{"line":98,"column":78},"end":{"line":98,"column":79}},"loc":{"start":{"line":98,"column":87},"end":{"line":104,"column":9}},"line":98}},"branchMap":{"0":{"loc":{"start":{"line":7,"column":4},"end":{"line":14,"column":5}},"type":"if","locations":[{"start":{"line":7,"column":4},"end":{"line":14,"column":5}},{"start":{"line":11,"column":9},"end":{"line":14,"column":5}}],"line":7},"1":{"loc":{"start":{"line":21,"column":12},"end":{"line":25,"column":13}},"type":"if","locations":[{"start":{"line":21,"column":12},"end":{"line":25,"column":13}},{"start":{},"end":{}}],"line":21},"2":{"loc":{"start":{"line":35,"column":12},"end":{"line":39,"column":13}},"type":"if","locations":[{"start":{"line":35,"column":12},"end":{"line":39,"column":13}},{"start":{},"end":{}}],"line":35},"3":{"loc":{"start":{"line":49,"column":12},"end":{"line":53,"column":13}},"type":"if","locations":[{"start":{"line":49,"column":12},"end":{"line":53,"column":13}},{"start":{},"end":{}}],"line":49},"4":{"loc":{"start":{"line":65,"column":8},"end":{"line":68,"column":9}},"type":"if","locations":[{"start":{"line":65,"column":8},"end":{"line":68,"column":9}},{"start":{},"end":{}}],"line":65},"5":{"loc":{"start":{"line":75,"column":8},"end":{"line":78,"column":9}},"type":"if","locations":[{"start":{"line":75,"column":8},"end":{"line":78,"column":9}},{"start":{},"end":{}}],"line":75},"6":{"loc":{"start":{"line":89,"column":8},"end":{"line":92,"column":9}},"type":"if","locations":[{"start":{"line":89,"column":8},"end":{"line":92,"column":9}},{"start":{},"end":{}}],"line":89},"7":{"loc":{"start":{"line":99,"column":8},"end":{"line":102,"column":9}},"type":"if","locations":[{"start":{"line":99,"column":8},"end":{"line":102,"column":9}},{"start":{},"end":{}}],"line":99}},"s":{"0":0,"1":0,"2":0,"3":0,"4":0,"5":0,"6":0,"7":0,"8":0,"9":0,"10":0,"11":0,"12":0,"13":0,"14":0,"15":0,"16":0,"17":0,"18":0,"19":0,"20":0,"21":0,"22":0,"23":0,"24":0,"25":0,"26":0,"27":0,"28":0,"29":0,"30":0,"31":0,"32":0,"33":0,"34":0,"35":0,"36":0,"37":0,"38":0,"39":0,"40":0,"41":0,"42":0,"43":0,"44":0,"45":0,"46":0,"47":0,"48":0,"49":0,"50":0,"51":0,"52":0,"53":0,"54":0,"55":0,"56":0,"57":0,"58":0,"59":0,"60":0,"61":0,"62":0,"63":0},"f":{"0":0,"1":0,"2":0,"3":0,"4":0,"5":0,"6":0,"7":0,"8":0,"9":0,"10":0,"11":0,"12":0,"13":0,"14":0,"15":0,"16":0},"b":{"0":[0,0],"1":[0,0],"2":[0,0],"3":[0,0],"4":[0,0],"5":[0,0],"6":[0,0],"7":[0,0]}}
,"/Users/jonathandameus/development/Code_GitHub/EmergeIT_Business/BehaviorMonitioring/server/functions/security/generateSecurityToken.js": {"path":"/Users/jonathandameus/development/Code_GitHub/EmergeIT_Business/BehaviorMonitioring/server/functions/security/generateSecurityToken.js","statementMap":{"0":{"start":{"line":2,"column":4},"end":{"line":18,"column":6}},"1":{"start":{"line":3,"column":8},"end":{"line":17,"column":9}},"2":{"start":{"line":4,"column":28},"end":{"line":4,"column":92}},"3":{"start":{"line":5,"column":27},"end":{"line":5,"column":29}},"4":{"start":{"line":6,"column":24},"end":{"line":6,"column":26}},"5":{"start":{"line":8,"column":12},"end":{"line":11,"column":13}},"6":{"start":{"line":8,"column":25},"end":{"line":8,"column":26}},"7":{"start":{"line":9,"column":36},"end":{"line":9,"column":78}},"8":{"start":{"line":10,"column":16},"end":{"line":10,"column":46}},"9":{"start":{"line":13,"column":12},"end":{"line":13,"column":27}},"10":{"start":{"line":16,"column":12},"end":{"line":16,"column":26}},"11":{"start":{"line":21,"column":0},"end":{"line":21,"column":37}}},"fnMap":{"0":{"name":"generateRandomToken","decl":{"start":{"line":1,"column":15},"end":{"line":1,"column":34}},"loc":{"start":{"line":1,"column":37},"end":{"line":19,"column":1}},"line":1},"1":{"name":"(anonymous_1)","decl":{"start":{"line":2,"column":23},"end":{"line":2,"column":24}},"loc":{"start":{"line":2,"column":50},"end":{"line":18,"column":5}},"line":2}},"branchMap":{},"s":{"0":0,"1":0,"2":0,"3":0,"4":0,"5":0,"6":0,"7":0,"8":0,"9":0,"10":0,"11":0},"f":{"0":0,"1":0},"b":{}}
,"/Users/jonathandameus/development/Code_GitHub/EmergeIT_Business/BehaviorMonitioring/server/functions/users/generateUsername.js": {"path":"/Users/jonathandameus/development/Code_GitHub/EmergeIT_Business/BehaviorMonitioring/server/functions/users/generateUsername.js","statementMap":{"0":{"start":{"line":2,"column":21},"end":{"line":2,"column":69}},"1":{"start":{"line":3,"column":24},"end":{"line":3,"column":75}},"2":{"start":{"line":7,"column":4},"end":{"line":32,"column":7}},"3":{"start":{"line":8,"column":8},"end":{"line":31,"column":9}},"4":{"start":{"line":9,"column":40},"end":{"line":9,"column":87}},"5":{"start":{"line":10,"column":40},"end":{"line":10,"column":91}},"6":{"start":{"line":11,"column":31},"end":{"line":11,"column":50}},"7":{"start":{"line":12,"column":36},"end":{"line":12,"column":48}},"8":{"start":{"line":14,"column":25},"end":{"line":14,"column":26}},"9":{"start":{"line":15,"column":27},"end":{"line":15,"column":28}},"10":{"start":{"line":16,"column":32},"end":{"line":16,"column":34}},"11":{"start":{"line":18,"column":12},"end":{"line":27,"column":13}},"12":{"start":{"line":19,"column":16},"end":{"line":19,"column":62}},"13":{"start":{"line":20,"column":16},"end":{"line":20,"column":27}},"14":{"start":{"line":22,"column":16},"end":{"line":26,"column":17}},"15":{"start":{"line":23,"column":20},"end":{"line":23,"column":57}},"16":{"start":{"line":24,"column":20},"end":{"line":24,"column":53}},"17":{"start":{"line":25,"column":20},"end":{"line":25,"column":31}},"18":{"start":{"line":28,"column":12},"end":{"line":28,"column":53}},"19":{"start":{"line":30,"column":12},"end":{"line":30,"column":26}},"20":{"start":{"line":37,"column":4},"end":{"line":41,"column":5}},"21":{"start":{"line":38,"column":8},"end":{"line":38,"column":68}},"22":{"start":{"line":39,"column":11},"end":{"line":41,"column":5}},"23":{"start":{"line":40,"column":8},"end":{"line":40,"column":74}},"24":{"start":{"line":44,"column":0},"end":{"line":44,"column":34}}},"fnMap":{"0":{"name":"GenerateUsername","decl":{"start":{"line":6,"column":15},"end":{"line":6,"column":31}},"loc":{"start":{"line":6,"column":53},"end":{"line":33,"column":1}},"line":6},"1":{"name":"(anonymous_1)","decl":{"start":{"line":7,"column":23},"end":{"line":7,"column":24}},"loc":{"start":{"line":7,"column":50},"end":{"line":32,"column":5}},"line":7},"2":{"name":"checkIfUsernameExists","decl":{"start":{"line":36,"column":15},"end":{"line":36,"column":36}},"loc":{"start":{"line":36,"column":62},"end":{"line":42,"column":1}},"line":36}},"branchMap":{"0":{"loc":{"start":{"line":22,"column":16},"end":{"line":26,"column":17}},"type":"if","locations":[{"start":{"line":22,"column":16},"end":{"line":26,"column":17}},{"start":{},"end":{}}],"line":22},"1":{"loc":{"start":{"line":22,"column":20},"end":{"line":22,"column":83}},"type":"binary-expr","locations":[{"start":{"line":22,"column":20},"end":{"line":22,"column":43}},{"start":{"line":22,"column":47},"end":{"line":22,"column":83}}],"line":22},"2":{"loc":{"start":{"line":37,"column":4},"end":{"line":41,"column":5}},"type":"if","locations":[{"start":{"line":37,"column":4},"end":{"line":41,"column":5}},{"start":{"line":39,"column":11},"end":{"line":41,"column":5}}],"line":37},"3":{"loc":{"start":{"line":37,"column":8},"end":{"line":37,"column":71}},"type":"binary-expr","locations":[{"start":{"line":37,"column":8},"end":{"line":37,"column":38}},{"start":{"line":37,"column":42},"end":{"line":37,"column":71}}],"line":37},"4":{"loc":{"start":{"line":39,"column":11},"end":{"line":41,"column":5}},"type":"if","locations":[{"start":{"line":39,"column":11},"end":{"line":41,"column":5}},{"start":{},"end":{}}],"line":39}},"s":{"0":0,"1":0,"2":0,"3":0,"4":0,"5":0,"6":0,"7":0,"8":0,"9":0,"10":0,"11":0,"12":0,"13":0,"14":0,"15":0,"16":0,"17":0,"18":0,"19":0,"20":0,"21":0,"22":0,"23":0,"24":0},"f":{"0":0,"1":0,"2":0},"b":{"0":[0,0],"1":[0,0],"2":[0,0],"3":[0,0],"4":[0,0]}}
,"/Users/jonathandameus/development/Code_GitHub/EmergeIT_Business/BehaviorMonitioring/server/middleware/authMiddleware.js": {"path":"/Users/jonathandameus/development/Code_GitHub/EmergeIT_Business/BehaviorMonitioring/server/middleware/authMiddleware.js","statementMap":{"0":{"start":{"line":1,"column":12},"end":{"line":1,"column":35}},"1":{"start":{"line":2,"column":21},"end":{"line":2,"column":49}},"2":{"start":{"line":4,"column":15},"end":{"line":4,"column":37}},"3":{"start":{"line":5,"column":19},"end":{"line":5,"column":49}},"4":{"start":{"line":8,"column":23},"end":{"line":8,"column":54}},"5":{"start":{"line":9,"column":26},"end":{"line":9,"column":47}},"6":{"start":{"line":11,"column":4},"end":{"line":19,"column":5}},"7":{"start":{"line":12,"column":8},"end":{"line":16,"column":11}},"8":{"start":{"line":18,"column":8},"end":{"line":18,"column":90}},"9":{"start":{"line":21,"column":4},"end":{"line":45,"column":5}},"10":{"start":{"line":22,"column":24},"end":{"line":26,"column":10}},"11":{"start":{"line":28,"column":8},"end":{"line":33,"column":11}},"12":{"start":{"line":35,"column":8},"end":{"line":35,"column":27}},"13":{"start":{"line":36,"column":8},"end":{"line":36,"column":15}},"14":{"start":{"line":38,"column":8},"end":{"line":42,"column":11}},"15":{"start":{"line":44,"column":8},"end":{"line":44,"column":75}},"16":{"start":{"line":48,"column":0},"end":{"line":48,"column":32}}},"fnMap":{"0":{"name":"authMiddleware","decl":{"start":{"line":7,"column":9},"end":{"line":7,"column":23}},"loc":{"start":{"line":7,"column":40},"end":{"line":46,"column":1}},"line":7}},"branchMap":{"0":{"loc":{"start":{"line":8,"column":23},"end":{"line":8,"column":54}},"type":"binary-expr","locations":[{"start":{"line":8,"column":23},"end":{"line":8,"column":48}},{"start":{"line":8,"column":52},"end":{"line":8,"column":54}}],"line":8},"1":{"loc":{"start":{"line":11,"column":4},"end":{"line":19,"column":5}},"type":"if","locations":[{"start":{"line":11,"column":4},"end":{"line":19,"column":5}},{"start":{},"end":{}}],"line":11},"2":{"loc":{"start":{"line":11,"column":8},"end":{"line":11,"column":35}},"type":"binary-expr","locations":[{"start":{"line":11,"column":8},"end":{"line":11,"column":25}},{"start":{"line":11,"column":29},"end":{"line":11,"column":35}}],"line":11},"3":{"loc":{"start":{"line":24,"column":20},"end":{"line":24,"column":127}},"type":"cond-expr","locations":[{"start":{"line":24,"column":33},"end":{"line":24,"column":54}},{"start":{"line":24,"column":57},"end":{"line":24,"column":127}}],"line":24},"4":{"loc":{"start":{"line":24,"column":79},"end":{"line":24,"column":125}},"type":"cond-expr","locations":[{"start":{"line":24,"column":98},"end":{"line":24,"column":120}},{"start":{"line":24,"column":123},"end":{"line":24,"column":125}}],"line":24}},"s":{"0":0,"1":0,"2":0,"3":0,"4":0,"5":0,"6":0,"7":0,"8":0,"9":0,"10":0,"11":0,"12":0,"13":0,"14":0,"15":0,"16":0},"f":{"0":0},"b":{"0":[0,0],"1":[0,0],"2":[0,0],"3":[0,0],"4":[0,0]}}
,"/Users/jonathandameus/development/Code_GitHub/EmergeIT_Business/BehaviorMonitioring/server/middleware/rbac.js": {"path":"/Users/jonathandameus/development/Code_GitHub/EmergeIT_Business/BehaviorMonitioring/server/middleware/rbac.js","statementMap":{"0":{"start":{"line":2,"column":4},"end":{"line":6,"column":6}},"1":{"start":{"line":3,"column":22},"end":{"line":3,"column":43}},"2":{"start":{"line":4,"column":8},"end":{"line":4,"column":87}},"3":{"start":{"line":4,"column":35},"end":{"line":4,"column":87}},"4":{"start":{"line":5,"column":8},"end":{"line":5,"column":15}},"5":{"start":{"line":10,"column":4},"end":{"line":14,"column":6}},"6":{"start":{"line":11,"column":22},"end":{"line":11,"column":49}},"7":{"start":{"line":12,"column":8},"end":{"line":12,"column":93}},"8":{"start":{"line":12,"column":41},"end":{"line":12,"column":93}},"9":{"start":{"line":13,"column":8},"end":{"line":13,"column":15}},"10":{"start":{"line":17,"column":0},"end":{"line":17,"column":52}}},"fnMap":{"0":{"name":"requireRole","decl":{"start":{"line":1,"column":9},"end":{"line":1,"column":20}},"loc":{"start":{"line":1,"column":27},"end":{"line":7,"column":1}},"line":1},"1":{"name":"(anonymous_1)","decl":{"start":{"line":2,"column":11},"end":{"line":2,"column":12}},"loc":{"start":{"line":2,"column":31},"end":{"line":6,"column":5}},"line":2},"2":{"name":"requirePermission","decl":{"start":{"line":9,"column":9},"end":{"line":9,"column":26}},"loc":{"start":{"line":9,"column":39},"end":{"line":15,"column":1}},"line":9},"3":{"name":"(anonymous_3)","decl":{"start":{"line":10,"column":11},"end":{"line":10,"column":12}},"loc":{"start":{"line":10,"column":31},"end":{"line":14,"column":5}},"line":10}},"branchMap":{"0":{"loc":{"start":{"line":3,"column":22},"end":{"line":3,"column":43}},"type":"binary-expr","locations":[{"start":{"line":3,"column":22},"end":{"line":3,"column":37}},{"start":{"line":3,"column":41},"end":{"line":3,"column":43}}],"line":3},"1":{"loc":{"start":{"line":4,"column":8},"end":{"line":4,"column":87}},"type":"if","locations":[{"start":{"line":4,"column":8},"end":{"line":4,"column":87}},{"start":{},"end":{}}],"line":4},"2":{"loc":{"start":{"line":11,"column":22},"end":{"line":11,"column":49}},"type":"binary-expr","locations":[{"start":{"line":11,"column":22},"end":{"line":11,"column":43}},{"start":{"line":11,"column":47},"end":{"line":11,"column":49}}],"line":11},"3":{"loc":{"start":{"line":12,"column":8},"end":{"line":12,"column":93}},"type":"if","locations":[{"start":{"line":12,"column":8},"end":{"line":12,"column":93}},{"start":{},"end":{}}],"line":12}},"s":{"0":0,"1":0,"2":0,"3":0,"4":0,"5":0,"6":0,"7":0,"8":0,"9":0,"10":0},"f":{"0":0,"1":0,"2":0,"3":0},"b":{"0":[0,0],"1":[0,0],"2":[0,0],"3":[0,0]}}
,"/Users/jonathandameus/development/Code_GitHub/EmergeIT_Business/BehaviorMonitioring/server/middleware/requestLogger.js": {"path":"/Users/jonathandameus/development/Code_GitHub/EmergeIT_Business/BehaviorMonitioring/server/middleware/requestLogger.js","statementMap":{"0":{"start":{"line":1,"column":11},"end":{"line":1,"column":24}},"1":{"start":{"line":2,"column":13},"end":{"line":2,"column":28}},"2":{"start":{"line":5,"column":16},"end":{"line":5,"column":47}},"3":{"start":{"line":6,"column":16},"end":{"line":6,"column":50}},"4":{"start":{"line":9,"column":0},"end":{"line":11,"column":1}},"5":{"start":{"line":10,"column":4},"end":{"line":10,"column":47}},"6":{"start":{"line":14,"column":0},"end":{"line":16,"column":1}},"7":{"start":{"line":15,"column":4},"end":{"line":15,"column":42}},"8":{"start":{"line":19,"column":18},"end":{"line":19,"column":28}},"9":{"start":{"line":21,"column":4},"end":{"line":34,"column":7}},"10":{"start":{"line":22,"column":25},"end":{"line":22,"column":43}},"11":{"start":{"line":24,"column":25},"end":{"line":25,"column":50}},"12":{"start":{"line":28,"column":8},"end":{"line":28,"column":37}},"13":{"start":{"line":31,"column":8},"end":{"line":33,"column":11}},"14":{"start":{"line":32,"column":12},"end":{"line":32,"column":72}},"15":{"start":{"line":32,"column":21},"end":{"line":32,"column":72}},"16":{"start":{"line":36,"column":4},"end":{"line":36,"column":11}},"17":{"start":{"line":39,"column":0},"end":{"line":39,"column":31}}},"fnMap":{"0":{"name":"requestLogger","decl":{"start":{"line":18,"column":9},"end":{"line":18,"column":22}},"loc":{"start":{"line":18,"column":39},"end":{"line":37,"column":1}},"line":18},"1":{"name":"(anonymous_1)","decl":{"start":{"line":21,"column":21},"end":{"line":21,"column":22}},"loc":{"start":{"line":21,"column":27},"end":{"line":34,"column":5}},"line":21},"2":{"name":"(anonymous_2)","decl":{"start":{"line":31,"column":41},"end":{"line":31,"column":42}},"loc":{"start":{"line":31,"column":50},"end":{"line":33,"column":9}},"line":31}},"branchMap":{"0":{"loc":{"start":{"line":9,"column":0},"end":{"line":11,"column":1}},"type":"if","locations":[{"start":{"line":9,"column":0},"end":{"line":11,"column":1}},{"start":{},"end":{}}],"line":9},"1":{"loc":{"start":{"line":14,"column":0},"end":{"line":16,"column":1}},"type":"if","locations":[{"start":{"line":14,"column":0},"end":{"line":16,"column":1}},{"start":{},"end":{}}],"line":14},"2":{"loc":{"start":{"line":32,"column":12},"end":{"line":32,"column":72}},"type":"if","locations":[{"start":{"line":32,"column":12},"end":{"line":32,"column":72}},{"start":{},"end":{}}],"line":32}},"s":{"0":0,"1":0,"2":0,"3":0,"4":0,"5":0,"6":0,"7":0,"8":0,"9":0,"10":0,"11":0,"12":0,"13":0,"14":0,"15":0,"16":0,"17":0},"f":{"0":0,"1":0,"2":0},"b":{"0":[0,0],"1":[0,0],"2":[0,0]}}
,"/Users/jonathandameus/development/Code_GitHub/EmergeIT_Business/BehaviorMonitioring/server/middleware/aws/s3Handler.js": {"path":"/Users/jonathandameus/development/Code_GitHub/EmergeIT_Business/BehaviorMonitioring/server/middleware/aws/s3Handler.js","statementMap":{"0":{"start":{"line":1,"column":0},"end":{"line":1,"column":27}},"1":{"start":{"line":2,"column":12},"end":{"line":2,"column":30}},"2":{"start":{"line":3,"column":11},"end":{"line":3,"column":24}},"3":{"start":{"line":4,"column":13},"end":{"line":4,"column":33}},"4":{"start":{"line":5,"column":16},"end":{"line":5,"column":44}},"5":{"start":{"line":6,"column":21},"end":{"line":6,"column":54}},"6":{"start":{"line":7,"column":26},"end":{"line":7,"column":42}},"7":{"start":{"line":8,"column":22},"end":{"line":8,"column":62}},"8":{"start":{"line":9,"column":21},"end":{"line":9,"column":62}},"9":{"start":{"line":10,"column":20},"end":{"line":10,"column":63}},"10":{"start":{"line":11,"column":19},"end":{"line":11,"column":38}},"11":{"start":{"line":14,"column":0},"end":{"line":18,"column":3}},"12":{"start":{"line":21,"column":11},"end":{"line":21,"column":23}},"13":{"start":{"line":25,"column":21},"end":{"line":25,"column":34}},"14":{"start":{"line":26,"column":20},"end":{"line":26,"column":32}},"15":{"start":{"line":29,"column":2},"end":{"line":48,"column":5}},"16":{"start":{"line":30,"column":4},"end":{"line":47,"column":5}},"17":{"start":{"line":33,"column":6},"end":{"line":40,"column":9}},"18":{"start":{"line":34,"column":8},"end":{"line":38,"column":9}},"19":{"start":{"line":39,"column":8},"end":{"line":39,"column":23}},"20":{"start":{"line":42,"column":6},"end":{"line":44,"column":7}},"21":{"start":{"line":46,"column":6},"end":{"line":46,"column":21}},"22":{"start":{"line":52,"column":4},"end":{"line":52,"column":50}},"23":{"start":{"line":53,"column":24},"end":{"line":53,"column":51}},"24":{"start":{"line":54,"column":19},"end":{"line":58,"column":5}},"25":{"start":{"line":59,"column":4},"end":{"line":70,"column":7}},"26":{"start":{"line":60,"column":6},"end":{"line":69,"column":7}},"27":{"start":{"line":62,"column":8},"end":{"line":62,"column":58}},"28":{"start":{"line":63,"column":8},"end":{"line":63,"column":89}},"29":{"start":{"line":67,"column":8},"end":{"line":67,"column":57}},"30":{"start":{"line":68,"column":8},"end":{"line":68,"column":78}},"31":{"start":{"line":76,"column":2},"end":{"line":76,"column":48}},"32":{"start":{"line":77,"column":21},"end":{"line":77,"column":34}},"33":{"start":{"line":78,"column":20},"end":{"line":78,"column":32}},"34":{"start":{"line":81,"column":2},"end":{"line":106,"column":5}},"35":{"start":{"line":82,"column":4},"end":{"line":87,"column":5}},"36":{"start":{"line":84,"column":6},"end":{"line":84,"column":57}},"37":{"start":{"line":85,"column":6},"end":{"line":85,"column":87}},"38":{"start":{"line":86,"column":6},"end":{"line":86,"column":13}},"39":{"start":{"line":90,"column":23},"end":{"line":90,"column":55}},"40":{"start":{"line":91,"column":4},"end":{"line":93,"column":24}},"41":{"start":{"line":95,"column":4},"end":{"line":99,"column":7}},"42":{"start":{"line":97,"column":6},"end":{"line":97,"column":57}},"43":{"start":{"line":98,"column":6},"end":{"line":98,"column":87}},"44":{"start":{"line":101,"column":4},"end":{"line":105,"column":7}},"45":{"start":{"line":103,"column":6},"end":{"line":103,"column":55}},"46":{"start":{"line":104,"column":6},"end":{"line":104,"column":76}},"47":{"start":{"line":111,"column":2},"end":{"line":118,"column":3}},"48":{"start":{"line":112,"column":4},"end":{"line":114,"column":5}},"49":{"start":{"line":113,"column":6},"end":{"line":113,"column":71}},"50":{"start":{"line":115,"column":4},"end":{"line":117,"column":5}},"51":{"start":{"line":116,"column":6},"end":{"line":116,"column":71}},"52":{"start":{"line":122,"column":2},"end":{"line":129,"column":3}},"53":{"start":{"line":123,"column":4},"end":{"line":125,"column":5}},"54":{"start":{"line":124,"column":6},"end":{"line":124,"column":58}},"55":{"start":{"line":126,"column":4},"end":{"line":128,"column":5}},"56":{"start":{"line":127,"column":6},"end":{"line":127,"column":58}},"57":{"start":{"line":139,"column":0},"end":{"line":142,"column":2}}},"fnMap":{"0":{"name":"backupDatabaseToS3","decl":{"start":{"line":24,"column":9},"end":{"line":24,"column":27}},"loc":{"start":{"line":24,"column":30},"end":{"line":72,"column":1}},"line":24},"1":{"name":"(anonymous_1)","decl":{"start":{"line":29,"column":72},"end":{"line":29,"column":73}},"loc":{"start":{"line":29,"column":91},"end":{"line":48,"column":3}},"line":29},"2":{"name":"(anonymous_2)","decl":{"start":{"line":33,"column":78},"end":{"line":33,"column":79}},"loc":{"start":{"line":33,"column":93},"end":{"line":40,"column":7}},"line":33},"3":{"name":"uploadBackup","decl":{"start":{"line":51,"column":11},"end":{"line":51,"column":23}},"loc":{"start":{"line":51,"column":26},"end":{"line":71,"column":3}},"line":51},"4":{"name":"(anonymous_4)","decl":{"start":{"line":59,"column":22},"end":{"line":59,"column":23}},"loc":{"start":{"line":59,"column":37},"end":{"line":70,"column":5}},"line":59},"5":{"name":"importBackupFromS3","decl":{"start":{"line":75,"column":9},"end":{"line":75,"column":27}},"loc":{"start":{"line":75,"column":30},"end":{"line":107,"column":1}},"line":75},"6":{"name":"(anonymous_6)","decl":{"start":{"line":81,"column":72},"end":{"line":81,"column":73}},"loc":{"start":{"line":81,"column":91},"end":{"line":106,"column":3}},"line":81},"7":{"name":"(anonymous_7)","decl":{"start":{"line":95,"column":27},"end":{"line":95,"column":28}},"loc":{"start":{"line":95,"column":36},"end":{"line":99,"column":5}},"line":95},"8":{"name":"(anonymous_8)","decl":{"start":{"line":101,"column":28},"end":{"line":101,"column":29}},"loc":{"start":{"line":101,"column":34},"end":{"line":105,"column":5}},"line":101},"9":{"name":"sendDatabaseBackupImportEmailNotification","decl":{"start":{"line":110,"column":9},"end":{"line":110,"column":50}},"loc":{"start":{"line":110,"column":81},"end":{"line":119,"column":1}},"line":110},"10":{"name":"updateBackupImportStatus","decl":{"start":{"line":121,"column":9},"end":{"line":121,"column":33}},"loc":{"start":{"line":121,"column":70},"end":{"line":130,"column":1}},"line":121}},"branchMap":{"0":{"loc":{"start":{"line":30,"column":4},"end":{"line":47,"column":5}},"type":"if","locations":[{"start":{"line":30,"column":4},"end":{"line":47,"column":5}},{"start":{"line":41,"column":11},"end":{"line":47,"column":5}}],"line":30},"1":{"loc":{"start":{"line":34,"column":8},"end":{"line":38,"column":9}},"type":"if","locations":[{"start":{"line":34,"column":8},"end":{"line":38,"column":9}},{"start":{"line":36,"column":15},"end":{"line":38,"column":9}}],"line":34},"2":{"loc":{"start":{"line":42,"column":6},"end":{"line":44,"column":7}},"type":"if","locations":[{"start":{"line":42,"column":6},"end":{"line":44,"column":7}},{"start":{},"end":{}}],"line":42},"3":{"loc":{"start":{"line":60,"column":6},"end":{"line":69,"column":7}},"type":"if","locations":[{"start":{"line":60,"column":6},"end":{"line":69,"column":7}},{"start":{"line":64,"column":13},"end":{"line":69,"column":7}}],"line":60},"4":{"loc":{"start":{"line":82,"column":4},"end":{"line":87,"column":5}},"type":"if","locations":[{"start":{"line":82,"column":4},"end":{"line":87,"column":5}},{"start":{},"end":{}}],"line":82},"5":{"loc":{"start":{"line":111,"column":2},"end":{"line":118,"column":3}},"type":"if","locations":[{"start":{"line":111,"column":2},"end":{"line":118,"column":3}},{"start":{},"end":{}}],"line":111},"6":{"loc":{"start":{"line":112,"column":4},"end":{"line":114,"column":5}},"type":"if","locations":[{"start":{"line":112,"column":4},"end":{"line":114,"column":5}},{"start":{},"end":{}}],"line":112},"7":{"loc":{"start":{"line":115,"column":4},"end":{"line":117,"column":5}},"type":"if","locations":[{"start":{"line":115,"column":4},"end":{"line":117,"column":5}},{"start":{},"end":{}}],"line":115},"8":{"loc":{"start":{"line":122,"column":2},"end":{"line":129,"column":3}},"type":"if","locations":[{"start":{"line":122,"column":2},"end":{"line":129,"column":3}},{"start":{},"end":{}}],"line":122},"9":{"loc":{"start":{"line":123,"column":4},"end":{"line":125,"column":5}},"type":"if","locations":[{"start":{"line":123,"column":4},"end":{"line":125,"column":5}},{"start":{},"end":{}}],"line":123},"10":{"loc":{"start":{"line":126,"column":4},"end":{"line":128,"column":5}},"type":"if","locations":[{"start":{"line":126,"column":4},"end":{"line":128,"column":5}},{"start":{},"end":{}}],"line":126}},"s":{"0":0,"1":0,"2":0,"3":0,"4":0,"5":0,"6":0,"7":0,"8":0,"9":0,"10":0,"11":0,"12":0,"13":0,"14":0,"15":0,"16":0,"17":0,"18":0,"19":0,"20":0,"21":0,"22":0,"23":0,"24":0,"25":0,"26":0,"27":0,"28":0,"29":0,"30":0,"31":0,"32":0,"33":0,"34":0,"35":0,"36":0,"37":0,"38":0,"39":0,"40":0,"41":0,"42":0,"43":0,"44":0,"45":0,"46":0,"47":0,"48":0,"49":0,"50":0,"51":0,"52":0,"53":0,"54":0,"55":0,"56":0,"57":0},"f":{"0":0,"1":0,"2":0,"3":0,"4":0,"5":0,"6":0,"7":0,"8":0,"9":0,"10":0},"b":{"0":[0,0],"1":[0,0],"2":[0,0],"3":[0,0],"4":[0,0],"5":[0,0],"6":[0,0],"7":[0,0],"8":[0,0],"9":[0,0],"10":[0,0]}}
,"/Users/jonathandameus/development/Code_GitHub/EmergeIT_Business/BehaviorMonitioring/server/middleware/cookies/cookieHandler.js": {"path":"/Users/jonathandameus/development/Code_GitHub/EmergeIT_Business/BehaviorMonitioring/server/middleware/cookies/cookieHandler.js","statementMap":{"0":{"start":{"line":1,"column":15},"end":{"line":1,"column":32}},"1":{"start":{"line":2,"column":19},"end":{"line":2,"column":38}},"2":{"start":{"line":3,"column":21},"end":{"line":3,"column":43}},"3":{"start":{"line":4,"column":22},"end":{"line":4,"column":45}},"4":{"start":{"line":6,"column":18},"end":{"line":44,"column":1}},"5":{"start":{"line":7,"column":4},"end":{"line":43,"column":7}},"6":{"start":{"line":8,"column":8},"end":{"line":11,"column":9}},"7":{"start":{"line":9,"column":12},"end":{"line":9,"column":91}},"8":{"start":{"line":10,"column":12},"end":{"line":10,"column":19}},"9":{"start":{"line":14,"column":31},"end":{"line":21,"column":9}},"10":{"start":{"line":24,"column":30},"end":{"line":24,"column":63}},"11":{"start":{"line":26,"column":59},"end":{"line":26,"column":72}},"12":{"start":{"line":28,"column":31},"end":{"line":28,"column":41}},"13":{"start":{"line":29,"column":8},"end":{"line":29,"column":94}},"14":{"start":{"line":30,"column":8},"end":{"line":30,"column":47}},"15":{"start":{"line":32,"column":28},"end":{"line":32,"column":65}},"16":{"start":{"line":34,"column":8},"end":{"line":40,"column":9}},"17":{"start":{"line":35,"column":12},"end":{"line":37,"column":15}},"18":{"start":{"line":36,"column":16},"end":{"line":36,"column":88}},"19":{"start":{"line":39,"column":12},"end":{"line":39,"column":57}},"20":{"start":{"line":42,"column":8},"end":{"line":42,"column":145}},"21":{"start":{"line":46,"column":18},"end":{"line":59,"column":1}},"22":{"start":{"line":47,"column":4},"end":{"line":49,"column":5}},"23":{"start":{"line":48,"column":8},"end":{"line":48,"column":20}},"24":{"start":{"line":51,"column":20},"end":{"line":51,"column":78}},"25":{"start":{"line":51,"column":64},"end":{"line":51,"column":77}},"26":{"start":{"line":52,"column":4},"end":{"line":57,"column":5}},"27":{"start":{"line":53,"column":42},"end":{"line":53,"column":59}},"28":{"start":{"line":54,"column":8},"end":{"line":56,"column":9}},"29":{"start":{"line":55,"column":12},"end":{"line":55,"column":51}},"30":{"start":{"line":58,"column":4},"end":{"line":58,"column":16}},"31":{"start":{"line":61,"column":31},"end":{"line":75,"column":1}},"32":{"start":{"line":62,"column":4},"end":{"line":74,"column":5}},"33":{"start":{"line":63,"column":29},"end":{"line":63,"column":34}},"34":{"start":{"line":65,"column":28},"end":{"line":65,"column":45}},"35":{"start":{"line":67,"column":8},"end":{"line":70,"column":9}},"36":{"start":{"line":68,"column":35},"end":{"line":68,"column":92}},"37":{"start":{"line":69,"column":12},"end":{"line":69,"column":34}},"38":{"start":{"line":71,"column":8},"end":{"line":71,"column":20}},"39":{"start":{"line":73,"column":8},"end":{"line":73,"column":20}},"40":{"start":{"line":77,"column":21},"end":{"line":103,"column":1}},"41":{"start":{"line":78,"column":4},"end":{"line":102,"column":7}},"42":{"start":{"line":79,"column":8},"end":{"line":82,"column":9}},"43":{"start":{"line":80,"column":12},"end":{"line":80,"column":91}},"44":{"start":{"line":81,"column":12},"end":{"line":81,"column":19}},"45":{"start":{"line":84,"column":31},"end":{"line":87,"column":9}},"46":{"start":{"line":89,"column":30},"end":{"line":89,"column":63}},"47":{"start":{"line":91,"column":45},"end":{"line":91,"column":58}},"48":{"start":{"line":93,"column":8},"end":{"line":99,"column":9}},"49":{"start":{"line":94,"column":12},"end":{"line":96,"column":15}},"50":{"start":{"line":95,"column":16},"end":{"line":95,"column":101}},"51":{"start":{"line":98,"column":12},"end":{"line":98,"column":77}},"52":{"start":{"line":101,"column":8},"end":{"line":101,"column":126}},"53":{"start":{"line":105,"column":0},"end":{"line":110,"column":2}}},"fnMap":{"0":{"name":"(anonymous_0)","decl":{"start":{"line":6,"column":18},"end":{"line":6,"column":19}},"loc":{"start":{"line":6,"column":53},"end":{"line":44,"column":1}},"line":6},"1":{"name":"(anonymous_1)","decl":{"start":{"line":7,"column":23},"end":{"line":7,"column":24}},"loc":{"start":{"line":7,"column":44},"end":{"line":43,"column":5}},"line":7},"2":{"name":"(anonymous_2)","decl":{"start":{"line":35,"column":27},"end":{"line":35,"column":28}},"loc":{"start":{"line":35,"column":43},"end":{"line":37,"column":13}},"line":35},"3":{"name":"(anonymous_3)","decl":{"start":{"line":46,"column":18},"end":{"line":46,"column":19}},"loc":{"start":{"line":46,"column":33},"end":{"line":59,"column":1}},"line":46},"4":{"name":"(anonymous_4)","decl":{"start":{"line":51,"column":54},"end":{"line":51,"column":55}},"loc":{"start":{"line":51,"column":64},"end":{"line":51,"column":77}},"line":51},"5":{"name":"(anonymous_5)","decl":{"start":{"line":61,"column":31},"end":{"line":61,"column":32}},"loc":{"start":{"line":61,"column":57},"end":{"line":75,"column":1}},"line":61},"6":{"name":"(anonymous_6)","decl":{"start":{"line":77,"column":21},"end":{"line":77,"column":22}},"loc":{"start":{"line":77,"column":56},"end":{"line":103,"column":1}},"line":77},"7":{"name":"(anonymous_7)","decl":{"start":{"line":78,"column":23},"end":{"line":78,"column":24}},"loc":{"start":{"line":78,"column":44},"end":{"line":102,"column":5}},"line":78},"8":{"name":"(anonymous_8)","decl":{"start":{"line":94,"column":27},"end":{"line":94,"column":28}},"loc":{"start":{"line":94,"column":43},"end":{"line":96,"column":13}},"line":94}},"branchMap":{"0":{"loc":{"start":{"line":6,"column":36},"end":{"line":6,"column":48}},"type":"default-arg","locations":[{"start":{"line":6,"column":46},"end":{"line":6,"column":48}}],"line":6},"1":{"loc":{"start":{"line":8,"column":8},"end":{"line":11,"column":9}},"type":"if","locations":[{"start":{"line":8,"column":8},"end":{"line":11,"column":9}},{"start":{},"end":{}}],"line":8},"2":{"loc":{"start":{"line":8,"column":12},"end":{"line":8,"column":52}},"type":"binary-expr","locations":[{"start":{"line":8,"column":12},"end":{"line":8,"column":16}},{"start":{"line":8,"column":20},"end":{"line":8,"column":52}}],"line":8},"3":{"loc":{"start":{"line":17,"column":20},"end":{"line":17,"column":88}},"type":"cond-expr","locations":[{"start":{"line":17,"column":44},"end":{"line":17,"column":73}},{"start":{"line":17,"column":76},"end":{"line":17,"column":88}}],"line":17},"4":{"loc":{"start":{"line":34,"column":8},"end":{"line":40,"column":9}},"type":"if","locations":[{"start":{"line":34,"column":8},"end":{"line":40,"column":9}},{"start":{"line":38,"column":15},"end":{"line":40,"column":9}}],"line":34},"5":{"loc":{"start":{"line":47,"column":4},"end":{"line":49,"column":5}},"type":"if","locations":[{"start":{"line":47,"column":4},"end":{"line":49,"column":5}},{"start":{},"end":{}}],"line":47},"6":{"loc":{"start":{"line":47,"column":8},"end":{"line":47,"column":70}},"type":"binary-expr","locations":[{"start":{"line":47,"column":8},"end":{"line":47,"column":12}},{"start":{"line":47,"column":16},"end":{"line":47,"column":28}},{"start":{"line":47,"column":32},"end":{"line":47,"column":70}}],"line":47},"7":{"loc":{"start":{"line":54,"column":8},"end":{"line":56,"column":9}},"type":"if","locations":[{"start":{"line":54,"column":8},"end":{"line":56,"column":9}},{"start":{},"end":{}}],"line":54},"8":{"loc":{"start":{"line":67,"column":8},"end":{"line":70,"column":9}},"type":"if","locations":[{"start":{"line":67,"column":8},"end":{"line":70,"column":9}},{"start":{},"end":{}}],"line":67},"9":{"loc":{"start":{"line":77,"column":39},"end":{"line":77,"column":51}},"type":"default-arg","locations":[{"start":{"line":77,"column":49},"end":{"line":77,"column":51}}],"line":77},"10":{"loc":{"start":{"line":79,"column":8},"end":{"line":82,"column":9}},"type":"if","locations":[{"start":{"line":79,"column":8},"end":{"line":82,"column":9}},{"start":{},"end":{}}],"line":79},"11":{"loc":{"start":{"line":79,"column":12},"end":{"line":79,"column":52}},"type":"binary-expr","locations":[{"start":{"line":79,"column":12},"end":{"line":79,"column":16}},{"start":{"line":79,"column":20},"end":{"line":79,"column":52}}],"line":79},"12":{"loc":{"start":{"line":86,"column":20},"end":{"line":86,"column":88}},"type":"cond-expr","locations":[{"start":{"line":86,"column":44},"end":{"line":86,"column":73}},{"start":{"line":86,"column":76},"end":{"line":86,"column":88}}],"line":86},"13":{"loc":{"start":{"line":93,"column":8},"end":{"line":99,"column":9}},"type":"if","locations":[{"start":{"line":93,"column":8},"end":{"line":99,"column":9}},{"start":{"line":97,"column":15},"end":{"line":99,"column":9}}],"line":93}},"s":{"0":0,"1":0,"2":0,"3":0,"4":0,"5":0,"6":0,"7":0,"8":0,"9":0,"10":0,"11":0,"12":0,"13":0,"14":0,"15":0,"16":0,"17":0,"18":0,"19":0,"20":0,"21":0,"22":0,"23":0,"24":0,"25":0,"26":0,"27":0,"28":0,"29":0,"30":0,"31":0,"32":0,"33":0,"34":0,"35":0,"36":0,"37":0,"38":0,"39":0,"40":0,"41":0,"42":0,"43":0,"44":0,"45":0,"46":0,"47":0,"48":0,"49":0,"50":0,"51":0,"52":0,"53":0},"f":{"0":0,"1":0,"2":0,"3":0,"4":0,"5":0,"6":0,"7":0,"8":0},"b":{"0":[0],"1":[0,0],"2":[0,0],"3":[0,0],"4":[0,0],"5":[0,0],"6":[0,0,0],"7":[0,0],"8":[0,0],"9":[0],"10":[0,0],"11":[0,0],"12":[0,0],"13":[0,0]}}
,"/Users/jonathandameus/development/Code_GitHub/EmergeIT_Business/BehaviorMonitioring/server/middleware/database/dbConnection.js": {"path":"/Users/jonathandameus/development/Code_GitHub/EmergeIT_Business/BehaviorMonitioring/server/middleware/database/dbConnection.js","statementMap":{"0":{"start":{"line":1,"column":16},"end":{"line":1,"column":44}},"1":{"start":{"line":3,"column":11},"end":{"line":7,"column":2}},"2":{"start":{"line":4,"column":4},"end":{"line":6,"column":5}},"3":{"start":{"line":5,"column":8},"end":{"line":5,"column":67}},"4":{"start":{"line":9,"column":0},"end":{"line":9,"column":20}}},"fnMap":{"0":{"name":"(anonymous_0)","decl":{"start":{"line":3,"column":87},"end":{"line":3,"column":88}},"loc":{"start":{"line":3,"column":96},"end":{"line":7,"column":1}},"line":3}},"branchMap":{"0":{"loc":{"start":{"line":4,"column":4},"end":{"line":6,"column":5}},"type":"if","locations":[{"start":{"line":4,"column":4},"end":{"line":6,"column":5}},{"start":{},"end":{}}],"line":4}},"s":{"0":0,"1":0,"2":0,"3":0,"4":0},"f":{"0":0},"b":{"0":[0,0]}}
,"/Users/jonathandameus/development/Code_GitHub/EmergeIT_Business/BehaviorMonitioring/server/middleware/email/emailTemplate.js": {"path":"/Users/jonathandameus/development/Code_GitHub/EmergeIT_Business/BehaviorMonitioring/server/middleware/email/emailTemplate.js","statementMap":{"0":{"start":{"line":1,"column":0},"end":{"line":1,"column":27}},"1":{"start":{"line":2,"column":20},"end":{"line":2,"column":48}},"2":{"start":{"line":3,"column":15},"end":{"line":3,"column":40}},"3":{"start":{"line":4,"column":0},"end":{"line":4,"column":30}},"4":{"start":{"line":5,"column":22},"end":{"line":5,"column":24}},"5":{"start":{"line":6,"column":25},"end":{"line":6,"column":56}},"6":{"start":{"line":8,"column":0},"end":{"line":9,"column":2}}},"fnMap":{},"branchMap":{},"s":{"0":0,"1":0,"2":0,"3":0,"4":0,"5":0,"6":0},"f":{},"b":{}}
,"/Users/jonathandameus/development/Code_GitHub/EmergeIT_Business/BehaviorMonitioring/server/middleware/helpers/ABAQueries.js": {"path":"/Users/jonathandameus/development/Code_GitHub/EmergeIT_Business/BehaviorMonitioring/server/middleware/helpers/ABAQueries.js","statementMap":{"0":{"start":{"line":1,"column":68},"end":{"line":1,"column":91}},"1":{"start":{"line":5,"column":4},"end":{"line":12,"column":5}},"2":{"start":{"line":6,"column":23},"end":{"line":8,"column":10}},"3":{"start":{"line":9,"column":8},"end":{"line":9,"column":31}},"4":{"start":{"line":11,"column":8},"end":{"line":11,"column":39}},"5":{"start":{"line":16,"column":4},"end":{"line":32,"column":5}},"6":{"start":{"line":17,"column":8},"end":{"line":28,"column":11}},"7":{"start":{"line":29,"column":8},"end":{"line":29,"column":20}},"8":{"start":{"line":31,"column":8},"end":{"line":31,"column":39}},"9":{"start":{"line":36,"column":4},"end":{"line":44,"column":5}},"10":{"start":{"line":37,"column":23},"end":{"line":40,"column":10}},"11":{"start":{"line":41,"column":8},"end":{"line":41,"column":59}},"12":{"start":{"line":43,"column":8},"end":{"line":43,"column":39}},"13":{"start":{"line":48,"column":4},"end":{"line":55,"column":5}},"14":{"start":{"line":49,"column":24},"end":{"line":51,"column":10}},"15":{"start":{"line":52,"column":8},"end":{"line":52,"column":56}},"16":{"start":{"line":52,"column":32},"end":{"line":52,"column":54}},"17":{"start":{"line":54,"column":8},"end":{"line":54,"column":39}},"18":{"start":{"line":59,"column":4},"end":{"line":72,"column":5}},"19":{"start":{"line":60,"column":30},"end":{"line":68,"column":10}},"20":{"start":{"line":69,"column":8},"end":{"line":69,"column":31}},"21":{"start":{"line":71,"column":8},"end":{"line":71,"column":39}},"22":{"start":{"line":77,"column":4},"end":{"line":84,"column":5}},"23":{"start":{"line":78,"column":23},"end":{"line":80,"column":10}},"24":{"start":{"line":81,"column":8},"end":{"line":81,"column":31}},"25":{"start":{"line":83,"column":8},"end":{"line":83,"column":39}},"26":{"start":{"line":88,"column":4},"end":{"line":107,"column":5}},"27":{"start":{"line":89,"column":8},"end":{"line":103,"column":11}},"28":{"start":{"line":104,"column":8},"end":{"line":104,"column":20}},"29":{"start":{"line":106,"column":8},"end":{"line":106,"column":39}},"30":{"start":{"line":111,"column":4},"end":{"line":126,"column":5}},"31":{"start":{"line":112,"column":30},"end":{"line":122,"column":10}},"32":{"start":{"line":123,"column":8},"end":{"line":123,"column":31}},"33":{"start":{"line":125,"column":8},"end":{"line":125,"column":39}},"34":{"start":{"line":130,"column":4},"end":{"line":138,"column":5}},"35":{"start":{"line":131,"column":24},"end":{"line":134,"column":10}},"36":{"start":{"line":135,"column":8},"end":{"line":135,"column":56}},"37":{"start":{"line":135,"column":32},"end":{"line":135,"column":54}},"38":{"start":{"line":137,"column":8},"end":{"line":137,"column":39}},"39":{"start":{"line":142,"column":4},"end":{"line":150,"column":5}},"40":{"start":{"line":143,"column":24},"end":{"line":146,"column":10}},"41":{"start":{"line":147,"column":8},"end":{"line":147,"column":56}},"42":{"start":{"line":147,"column":32},"end":{"line":147,"column":54}},"43":{"start":{"line":149,"column":8},"end":{"line":149,"column":39}},"44":{"start":{"line":154,"column":4},"end":{"line":172,"column":5}},"45":{"start":{"line":155,"column":8},"end":{"line":168,"column":11}},"46":{"start":{"line":169,"column":8},"end":{"line":169,"column":20}},"47":{"start":{"line":171,"column":8},"end":{"line":171,"column":39}},"48":{"start":{"line":176,"column":4},"end":{"line":195,"column":5}},"49":{"start":{"line":177,"column":8},"end":{"line":191,"column":11}},"50":{"start":{"line":192,"column":8},"end":{"line":192,"column":20}},"51":{"start":{"line":194,"column":8},"end":{"line":194,"column":39}},"52":{"start":{"line":199,"column":4},"end":{"line":217,"column":5}},"53":{"start":{"line":200,"column":8},"end":{"line":213,"column":11}},"54":{"start":{"line":214,"column":8},"end":{"line":214,"column":20}},"55":{"start":{"line":216,"column":8},"end":{"line":216,"column":39}},"56":{"start":{"line":221,"column":4},"end":{"line":229,"column":5}},"57":{"start":{"line":222,"column":24},"end":{"line":225,"column":10}},"58":{"start":{"line":226,"column":8},"end":{"line":226,"column":56}},"59":{"start":{"line":226,"column":32},"end":{"line":226,"column":54}},"60":{"start":{"line":228,"column":8},"end":{"line":228,"column":39}},"61":{"start":{"line":233,"column":4},"end":{"line":240,"column":5}},"62":{"start":{"line":234,"column":22},"end":{"line":236,"column":10}},"63":{"start":{"line":237,"column":8},"end":{"line":237,"column":25}},"64":{"start":{"line":239,"column":8},"end":{"line":239,"column":39}},"65":{"st
[...]
},"84":{"start":{"line":147,"column":8},"end":{"line":150,"column":9}},"85":{"start":{"line":148,"column":12},"end":{"line":148,"column":36}},"86":{"start":{"line":149,"column":12},"end":{"line":149,"column":69}},"87":{"start":{"line":152,"column":31},"end":{"line":157,"column":10}},"88":{"start":{"line":159,"column":32},"end":{"line":159,"column":75}},"89":{"start":{"line":162,"column":8},"end":{"line":162,"column":68}},"90":{"start":{"line":165,"column":8},"end":{"line":180,"column":9}},"91":{"start":{"line":166,"column":12},"end":{"line":174,"column":15}},"92":{"start":{"line":176,"column":12},"end":{"line":178,"column":13}},"93":{"start":{"line":177,"column":16},"end":{"line":177,"column":34}},"94":{"start":{"line":182,"column":8},"end":{"line":182,"column":47}},"95":{"start":{"line":184,"column":8},"end":{"line":184,"column":57}},"96":{"start":{"line":186,"column":8},"end":{"line":186,"column":32}},"97":{"start":{"line":187,"column":8},"end":{"line":187,"column":72}},"98":{"start":{"line":190,"column":0},"end":{"line":190,"column":24}}},"fnMap":{"0":{"name":"(anonymous_0)","decl":{"start":{"line":15,"column":40},"end":{"line":15,"column":41}},"loc":{"start":{"line":15,"column":60},"end":{"line":43,"column":1}},"line":15},"1":{"name":"(anonymous_1)","decl":{"start":{"line":24,"column":50},"end":{"line":24,"column":51}},"loc":{"start":{"line":24,"column":77},"end":{"line":36,"column":17}},"line":24},"2":{"name":"(anonymous_2)","decl":{"start":{"line":45,"column":36},"end":{"line":45,"column":37}},"loc":{"start":{"line":45,"column":56},"end":{"line":104,"column":1}},"line":45},"3":{"name":"(anonymous_3)","decl":{"start":{"line":54,"column":55},"end":{"line":54,"column":56}},"loc":{"start":{"line":54,"column":76},"end":{"line":63,"column":17}},"line":54},"4":{"name":"(anonymous_4)","decl":{"start":{"line":55,"column":72},"end":{"line":55,"column":73}},"loc":{"start":{"line":55,"column":89},"end":{"line":62,"column":21}},"line":55},"5":{"name":"(anonymous_5)","decl":{"start":{"line":106,"column":37},"end":{"line":106,"column":38}},"loc":{"start":{"line":106,"column":57},"end":{"line":123,"column":1}},"line":106},"6":{"name":"(anonymous_6)","decl":{"start":{"line":125,"column":24},"end":{"line":125,"column":25}},"loc":{"start":{"line":125,"column":44},"end":{"line":189,"column":1}},"line":125}},"branchMap":{"0":{"loc":{"start":{"line":20,"column":8},"end":{"line":39,"column":9}},"type":"if","locations":[{"start":{"line":20,"column":8},"end":{"line":39,"column":9}},{"start":{},"end":{}}],"line":20},"1":{"loc":{"start":{"line":23,"column":12},"end":{"line":37,"column":13}},"type":"if","locations":[{"start":{"line":23,"column":12},"end":{"line":37,"column":13}},{"start":{},"end":{}}],"line":23},"2":{"loc":{"start":{"line":25,"column":20},"end":{"line":35,"column":21}},"type":"if","locations":[{"start":{"line":25,"column":20},"end":{"line":35,"column":21}},{"start":{"line":28,"column":25},"end":{"line":35,"column":21}}],"line":25},"3":{"loc":{"start":{"line":28,"column":25},"end":{"line":35,"column":21}},"type":"if","locations":[{"start":{"line":28,"column":25},"end":{"line":35,"column":21}},{"start":{},"end":{}}],"line":28},"4":{"loc":{"start":{"line":29,"column":24},"end":{"line":34,"column":25}},"type":"if","locations":[{"start":{"line":29,"column":24},"end":{"line":34,"column":25}},{"start":{"line":32,"column":29},"end":{"line":34,"column":25}}],"line":29},"5":{"loc":{"start":{"line":50,"column":8},"end":{"line":99,"column":9}},"type":"if","locations":[{"start":{"line":50,"column":8},"end":{"line":99,"column":9}},{"start":{"line":96,"column":13},"end":{"line":99,"column":9}}],"line":50},"6":{"loc":{"start":{"line":53,"column":12},"end":{"line":94,"column":13}},"type":"if","locations":[{"start":{"line":53,"column":12},"end":{"line":94,"column":13}},{"start":{"line":90,"column":17},"end":{"line":94,"column":13}}],"line":53},"7":{"loc":{"start":{"line":53,"column":16},"end":{"line":53,"column":82}},"type":"binary-expr","locations":[{"start":{"line":53,"column":16},"end":{"line":53,"column":42}},{"start":{"line":53,"column":46},"end":{"line":53,"column":82}}],"line":53},"8":{"loc":{"start":{"line":56,"column":24},"end":{"line":61,"column":25}},"type":"if","locations":[{"start":{"line":56,"column":24},"end":{"line":61,"column":25}},{"start":{"line":59,"column":29},"end":{"line":61,"column":25}}],"line":56},"9":{"loc":{"start":{"line":65,"column":16},"end":{"line":88,"column":17}},"type":"if","locations":[{"start":{"line":65,"column":16},"end":{"line":88,"column":17}},{"start":{"line":85,"column":21},"end":{"line":88,"column":17}}],"line":65},"10":{"loc":{"start":{"line":79,"column":121},"end":{"line":79,"column":160}},"type":"binary-expr","locations":[{"start":{"line":79,"column":121},"end":{"line":79,"column":155}},{"start":{"line":79,"column":159},"end":{"line":79,"column":160}}],"line":79},"11":{"loc":{"start":{"line":83,"column":213},"end":{"line":83,"column":274}},"type":"binary-expr","locations":[{"start":{"line":83,"column":213},"end":{"line":83,"column":241}},{"start":{"line":83,"column":245},"end":{"line":83,"column":274}}],"line":83},"12":{"loc":{"start":{"line":108,"column":27},"end":{"line":108,"column":70}},"type":"binary-expr","locations":[{"start":{"line":108,"column":27},"end":{"line":108,"column":50}},{"start":{"line":108,"column":54},"end":{"line":108,"column":70}}],"line":108},"13":{"loc":{"start":{"line":111,"column":8},"end":{"line":113,"column":9}},"type":"if","locations":[{"start":{"line":111,"column":8},"end":{"line":113,"column":9}},{"start":{},"end":{}}],"line":111},"14":{"loc":{"start":{"line":126,"column":23},"end":{"line":126,"column":66}},"type":"binary-expr","locations":[{"start":{"line":126,"column":23},"end":{"line":126,"column":46}},{"start":{"line":126,"column":50},"end":{"line":126,"column":66}}],"line":126},"15":{"loc":{"start":{"line":129,"column":4},"end":{"line":131,"column":5}},"type":"if","locations":[{"start":{"line":129,"column":4},"end":{"line":131,"column":5}},{"start":{},"end":{}}],"line":129},"16":{"loc":{"start":{"line":137,"column":8},"end":{"line":137,"column":89}},"type":"if","locations":[{"start":{"line":137,"column":8},"end":{"line":137,"column":89}},{"start":{},"end":{}}],"line":137},"17":{"loc":{"start":{"line":140,"column":8},"end":{"line":143,"column":9}},"type":"if","locations":[{"start":{"line":140,"column":8},"end":{"line":143,"column":9}},{"start":{},"end":{}}],"line":140},"18":{"loc":{"start":{"line":140,"column":12},"end":{"line":140,"column":36}},"type":"binary-expr","locations":[{"start":{"line":140,"column":12},"end":{"line":140,"column":23}},{"start":{"line":140,"column":27},"end":{"line":140,"column":36}}],"line":140},"19":{"loc":{"start":{"line":147,"column":8},"end":{"line":150,"column":9}},"type":"if","locations":[{"start":{"line":147,"column":8},"end":{"line":150,"column":9}},{"start":{},"end":{}}],"line":147},"20":{"loc":{"start":{"line":169,"column":32},"end":{"line":169,"column":71}},"type":"binary-expr","locations":[{"start":{"line":169,"column":32},"end":{"line":169,"column":66}},{"start":{"line":169,"column":70},"end":{"line":169,"column":71}}],"line":169},"21":{"loc":{"start":{"line":176,"column":12},"end":{"line":178,"column":13}},"type":"if","locations":[{"start":{"line":176,"column":12},"end":{"line":178,"column":13}},{"start":{},"end":{}}],"line":176}},"s":{"0":0,"1":0,"2":0,"3":0,"4":0,"5":0,"6":0,"7":0,"8":0,"9":0,"10":0,"11":0,"12":0,"13":0,"14":0,"15":0,"16":0,"17":0,"18":0,"19":0,"20":0,"21":0,"22":0,"23":0,"24":0,"25":0,"26":0,"27":0,"28":0,"29":0,"30":0,"31":0,"32":0,"33":0,"34":0,"35":0,"36":0,"37":0,"38":0,"39":0,"40":0,"41":0,"42":0,"43":0,"44":0,"45":0,"46":0,"47":0,"48":0,"49":0,"50":0,"51":0,"52":0,"53":0,"54":0,"55":0,"56":0,"57":0,"58":0,"59":0,"60":0,"61":0,"62":0,"63":0,"64":0,"65":0,"66":0,"67":0,"68":0,"69":0,"70":0,"71":0,"72":0,"73":0,"74":0,"75":0,"76":0,"77":0,"78":0,"79":0,"80":0,"81":0,"82":0,"83":0,"84":0,"85":0,"86":0,"87":0,"88":0,"89":0,"90":0,"91":0,"92":0,"93":0,"94":0,"95":0,"96":0,"97":0,"98":0},"f":{"0":0,"1":0,"2":0,"3":0,"4":0,"5":0,"6":0},"b":{"0":[0,0],"1":[0,0],"2":[0,0],"3":[0,0],"4":[0,0],"5":[0,0],"6":[0,0],"7":[0,0],"8":[0,0],"9":[0,0],"10":[0,0],"11":[0,0],"12":[0,0],"13":[0,0],"14":[0,0],"15":[0,0],"16":[0,0],"17":[0,0],"18":[0,0],"19":[0,0],"20":[0,0],"21":[0,0]}}
,"/Users/jonathandameus/development/Code_GitHub/EmergeIT_Business/BehaviorMonitioring/server/routes/Employee.js": {"path":"/Users/jonathandameus/development/Code_GitHub/EmergeIT_Business/BehaviorMonitioring/server/routes/Employee.js","statementMap":{"0":{"start":{"line":1,"column":0},"end":{"line":1,"column":27}},"1":{"start":{"line":2,"column":16},"end":{"line":2,"column":34}},"2":{"start":{"line":3,"column":15},"end":{"line":3,"column":31}},"3":{"start":{"line":4,"column":21},"end":{"line":4,"column":61}},"4":{"start":{"line":5,"column":24},"end":{"line":5,"column":72}},"5":{"start":{"line":6,"column":21},"end":{"line":6,"column":65}},"6":{"start":{"line":7,"column":24},"end":{"line":7,"column":68}},"7":{"start":{"line":8,"column":29},"end":{"line":8,"column":72}},"8":{"start":{"line":9,"column":15},"end":{"line":9,"column":34}},"9":{"start":{"line":10,"column":19},"end":{"line":10,"column":21}},"10":{"start":{"line":13,"column":0},"end":{"line":32,"column":3}},"11":{"start":{"line":14,"column":4},"end":{"line":31,"column":5}},"12":{"start":{"line":15,"column":22},"end":{"line":15,"column":39}},"13":{"start":{"line":17,"column":8},"end":{"line":28,"column":9}},"14":{"start":{"line":18,"column":33},"end":{"line":18,"column":98}},"15":{"start":{"line":19,"column":12},"end":{"line":24,"column":13}},"16":{"start":{"line":20,"column":16},"end":{"line":20,"column":81}},"17":{"start":{"line":23,"column":16},"end":{"line":23,"column":93}},"18":{"start":{"line":27,"column":12},"end":{"line":27,"column":85}},"19":{"start":{"line":30,"column":8},"end":{"line":30,"column":116}},"20":{"start":{"line":34,"column":0},"end":{"line":78,"column":3}},"21":{"start":{"line":35,"column":4},"end":{"line":77,"column":5}},"22":{"start":{"line":36,"column":20},"end":{"line":36,"column":39}},"23":{"start":{"line":37,"column":22},"end":{"line":37,"column":36}},"24":{"start":{"line":38,"column":22},"end":{"line":38,"column":36}},"25":{"start":{"line":39,"column":22},"end":{"line":39,"column":36}},"26":{"start":{"line":40,"column":24},"end":{"line":40,"column":40}},"27":{"start":{"line":41,"column":22},"end":{"line":41,"column":39}},"28":{"start":{"line":42,"column":25},"end":{"line":42,"column":45}},"29":{"start":{"line":44,"column":8},"end":{"line":74,"column":9}},"30":{"start":{"line":45,"column":37},"end":{"line":45,"column":84}},"31":{"start":{"line":47,"column":33},"end":{"line":56,"column":14}},"32":{"start":{"line":48,"column":16},"end":{"line":55,"column":19}},"33":{"start":{"line":49,"column":20},"end":{"line":54,"column":21}},"34":{"start":{"line":50,"column":24},"end":{"line":50,"column":36}},"35":{"start":{"line":53,"column":24},"end":{"line":53,"column":40}},"36":{"start":{"line":58,"column":12},"end":{"line":70,"column":13}},"37":{"start":{"line":59,"column":16},"end":{"line":66,"column":19}},"38":{"start":{"line":60,"column":20},"end":{"line":65,"column":21}},"39":{"start":{"line":61,"column":24},"end":{"line":61,"column":122}},"40":{"start":{"line":63,"column":25},"end":{"line":65,"column":21}},"41":{"start":{"line":64,"column":24},"end":{"line":64,"column":80}},"42":{"start":{"line":69,"column":16},"end":{"line":69,"column":114}},"43":{"start":{"line":73,"column":12},"end":{"line":73,"column":106}},"44":{"start":{"line":76,"column":8},"end":{"line":76,"column":116}},"45":{"start":{"line":81,"column":0},"end":{"line":140,"column":3}},"46":{"start":{"line":82,"column":4},"end":{"line":139,"column":5}},"47":{"start":{"line":83,"column":21},"end":{"line":83,"column":34}},"48":{"start":{"line":84,"column":25},"end":{"line":84,"column":42}},"49":{"start":{"line":85,"column":27},"end":{"line":85,"column":46}},"50":{"start":{"line":86,"column":28},"end":{"line":86,"column":48}},"51":{"start":{"line":87,"column":28},"end":{"line":87,"column":48}},"52":{"start":{"line":88,"column":22},"end":{"line":88,"column":36}},"53":{"start":{"line":89,"column":25},"end":{"line":89,"column":42}},"54":{"start":{"line":90,"column":22},"end":{"line":90,"column":36}},"55":{"start":{"line":91,"column":33},"end":{"line":91,"column":58}},"56":{"start":{"line":93,"column":8},"end":{"line":136,"column":9}},"57":{"start":{"line":94,"column":33},"end":{"line":94,"column":109}},"58":{"start":{"line":96,"column":12},"end":{"line":132,"column":13}},"59":{"start":{"line":97,"column":16},"end":{"line":128,"column":17}},"60":{"start":{"line":98,"column":20},"end":{"line":124,"column":21}},"61":{"start":{"line":99,"column":24},"end":{"line":112,"column":25}},"62":{"start":{"line":100,"column":28},"end":{"line":105,"column":29}},"63":{"start":{"line":101,"column":32},"end":{"line":101,"column":88}},"64":{"start":{"line":104,"column":32},"end":{"line":104,"column":89}},"65":{"start":{"line":107,"column":29},"end":{"line":112,"column":25}},"66":{"start":{"line":108,"column":28},"end":{"line":108,"column":84}},"67":{"start":{"line":111,"column":28},"end":{"line":111,"column":85}},"68":{"start":{"line":114,"column":25},"end":{"line":124,"column":21}},"69":{"start":{"line":115,"column":24},"end":{"line":120,"column":25}},"70":{"start":{"line":116,"column":28},"end":{"line":116,"column":84}},"71":{"start":{"line":119,"column":28},"end":{"line":119,"column":85}},"72":{"start":{"line":123,"column":24},"end":{"line":123,"column":81}},"73":{"start":{"line":127,"column":20},"end":{"line":127,"column":99}},"74":{"start":{"line":131,"column":16},"end":{"line":131,"column":89}},"75":{"start":{"line":135,"column":12},"end":{"line":135,"column":85}},"76":{"start":{"line":138,"column":8},"end":{"line":138,"column":116}},"77":{"start":{"line":142,"column":0},"end":{"line":142,"column":24}}},"fnMap":{"0":{"name":"(anonymous_0)","decl":{"start":{"line":13,"column":32},"end":{"line":13,"column":33}},"loc":{"start":{"line":13,"column":52},"end":{"line":32,"column":1}},"line":13},"1":{"name":"(anonymous_1)","decl":{"start":{"line":34,"column":35},"end":{"line":34,"column":36}},"loc":{"start":{"line":34,"column":55},"end":{"line":78,"column":1}},"line":34},"2":{"name":"(anonymous_2)","decl":{"start":{"line":47,"column":51},"end":{"line":47,"column":52}},"loc":{"start":{"line":47,"column":72},"end":{"line":56,"column":13}},"line":47},"3":{"name":"(anonymous_3)","decl":{"start":{"line":48,"column":65},"end":{"line":48,"column":66}},"loc":{"start":{"line":48,"column":82},"end":{"line":55,"column":17}},"line":48},"4":{"name":"(anonymous_4)","decl":{"start":{"line":59,"column":50},"end":{"line":59,"column":51}},"loc":{"start":{"line":59,"column":76},"end":{"line":66,"column":17}},"line":59},"5":{"name":"(anonymous_5)","decl":{"start":{"line":81,"column":32},"end":{"line":81,"column":33}},"loc":{"start":{"line":81,"column":52},"end":{"line":140,"column":1}},"line":81}},"branchMap":{"0":{"loc":{"start":{"line":17,"column":8},"end":{"line":28,"column":9}},"type":"if","locations":[{"start":{"line":17,"column":8},"end":{"line":28,"column":9}},{"start":{"line":26,"column":13},"end":{"line":28,"column":9}}],"line":17},"1":{"loc":{"start":{"line":19,"column":12},"end":{"line":24,"column":13}},"type":"if","locations":[{"start":{"line":19,"column":12},"end":{"line":24,"column":13}},{"start":{"line":22,"column":17},"end":{"line":24,"column":13}}],"line":19},"2":{"loc":{"start":{"line":44,"column":8},"end":{"line":74,"column":9}},"type":"if","locations":[{"start":{"line":44,"column":8},"end":{"line":74,"column":9}},{"start":{"line":72,"column":13},"end":{"line":74,"column":9}}],"line":44},"3":{"loc":{"start":{"line":49,"column":20},"end":{"line":54,"column":21}},"type":"if","locations":[{"start":{"line":49,"column":20},"end":{"line":54,"column":21}},{"start":{"line":52,"column":25},"end":{"line":54,"column":21}}],"line":49},"4":{"loc":{"start":{"line":58,"column":12},"end":{"line":70,"column":13}},"type":"if","locations":[{"start":{"line":58,"column":12},"end":{"line":70,"column":13}},{"start":{"line":68,"column":17},"end":{"line":70,"column":13}}],"line":58},"5":{"loc":{"start":{"line":60,"column":20},"end":{"line":65,"column":21}},"type":"if","locations":[{"start":{"line":60,"column":20},"end":{"line":65,"column":21}},{"start":{"line":63,"column":25},"end":{"line":65,"column":21}}],"line":60},"6":{"loc":{"start":{"line":63,"column":25},"end":{"line":65,"column":21}},"type":"if","locations":[{"start":{"line":63,"column":25},"end":{"line":65,"column":21}},{"start":{},"end":{}}],"line":63},"7":{"loc":{"start":{"line":93,"column":8},"end":{"line":136,"column":9}},"type":"if","locations":[{"start":{"line":93,"column":8},"end":{"line":136,"column":9}},{"start":{"line":134,"column":13},"end":{"line":136,"column":9}}],"line":93},"8":{"loc":{"start":{"line":96,"column":12},"end":{"line":132,"column":13}},"type":"if","locations":[{"start":{"line":96,"column":12},"end":{"line":132,"column":13}},{"start":{"line":130,"column":17},"end":{"line":132,"column":13}}],"line":96},"9":{"loc":{"start":{"line":96,"column":16},"end":{"line":96,"column":108}},"type":"binary-expr","locations":[{"start":{"line":96,"column":16},"end":{"line":96,"column":44}},{"start":{"line":96,"column":48},"end":{"line":96,"column":77}},{"start":{"line":96,"column":81},"end":{"line":96,"column":108}}],"line":96},"10":{"loc":{"start":{"line":97,"column":16},"end":{"line":128,"column":17}},"type":"if","locations":[{"start":{"line":97,"column":16},"end":{"line":128,"column":17}},{"start":{"line":126,"column":21},"end":{"line":128,"column":17}}],"line":97},"11":{"loc":{"start":{"line":98,"column":20},"end":{"line":124,"column":21}},"type":"if","locations":[{"start":{"line":98,"column":20},"end":{"line":124,"column":21}},{"start":{"line":114,"column":25},"end":{"line":124,"column":21}}],"line":98},"12":{"loc":{"start":{"line":99,"column":24},"end":{"line":112,"column":25}},"type":"if","locations":[{"start":{"line":99,"column":24},"end":{"line":112,"column":25}},{"start":{"line":107,"column":29},"end":{"line":112,"column":25}}],"line":99},"13":{"loc":{"start":{"line":100,"column":28},"end":{"line":105,"column":29}},"type":"if","locations":[{"start":{"line":100,"column":28},"end":{"line":105,"column":29}},{"start":{"line":103,"column":33},"end":{"line":105,"column":29}}],"line":100},"14":{"loc":{"start":{"line":107,"column":29},"end":{"line":112,"column":25}},"type":"if","locations":[{"start":{"line":107,"column":29},"end":{"line":112,"column":25}},{"start":{"line":110,"column":29},"end":{"line":112,"column":25}}],"line":107},"15":{"loc":{"start":{"line":114,"column":25},"end":{"line":124,"column":21}},"type":"if","locations":[{"start":{"line":114,"column":25},"end":{"line":124,"column":21}},{"start":{"line":122,"column":25},"end":{"line":124,"column":21}}],"line":114},"16":{"loc":{"start":{"line":115,"column":24},"end":{"line":120,"column":25}},"type":"if","locations":[{"start":{"line":115,"column":24},"end":{"line":120,"column":25}},{"start":{"line":118,"column":29},"end":{"line":120,"column":25}}],"line":115}},"s":{"0":0,"1":0,"2":0,"3":0,"4":0,"5":0,"6":0,"7":0,"8":0,"9":0,"10":0,"11":0,"12":0,"13":0,"14":0,"15":0,"16":0,"17":0,"18":0,"19":0,"20":0,"21":0,"22":0,"23":0,"24":0,"25":0,"26":0,"27":0,"28":0,"29":0,"30":0,"31":0,"32":0,"33":0,"34":0,"35":0,"36":0,"37":0,"38":0,"39":0,"40":0,"41":0,"42":0,"43":0,"44":0,"45":0,"46":0,"47":0,"48":0,"49":0,"50":0,"51":0,"52":0,"53":0,"54":0,"55":0,"56":0,"57":0,"58":0,"59":0,"60":0,"61":0,"62":0,"63":0,"64":0,"65":0,"66":0,"67":0,"68":0,"69":0,"70":0,"71":0,"72":0,"73":0,"74":0,"75":0,"76":0,"77":0},"f":{"0":0,"1":0,"2":0,"3":0,"4":0,"5":0},"b":{"0":[0,0],"1":[0,0],"2":[0,0],"3":[0,0],"4":[0,0],"5":[0,0],"6":[0,0],"7":[0,0],"8":[0,0],"9":[0,0,0],"10":[0,0],"11":[0,0],"12":[0,0],"13":[0,0],"14":[0,0],"15":[0,0],"16":[0,0]}}
}
