TN:
SF:index.js
FN:24,(anonymous_0)
FN:53,(anonymous_1)
FN:74,(anonymous_2)
FN:81,(anonymous_3)
FN:95,(anonymous_4)
FN:104,(anonymous_5)
FNF:6
FNH:0
FNDA:0,(anonymous_0)
FNDA:0,(anonymous_1)
FNDA:0,(anonymous_2)
FNDA:0,(anonymous_3)
FNDA:0,(anonymous_4)
FNDA:0,(anonymous_5)
DA:1,0
DA:2,0
DA:3,0
DA:4,0
DA:5,0
DA:6,0
DA:7,0
DA:8,0
DA:9,0
DA:10,0
DA:11,0
DA:12,0
DA:13,0
DA:14,0
DA:15,0
DA:16,0
DA:17,0
DA:20,0
DA:23,0
DA:26,0
DA:28,0
DA:29,0
DA:31,0
DA:32,0
DA:33,0
DA:40,0
DA:41,0
DA:42,0
DA:43,0
DA:53,0
DA:54,0
DA:55,0
DA:58,0
DA:62,0
DA:63,0
DA:65,0
DA:66,0
DA:68,0
DA:69,0
DA:71,0
DA:72,0
DA:74,0
DA:75,0
DA:76,0
DA:77,0
DA:81,0
DA:82,0
DA:83,0
DA:86,0
DA:87,0
DA:90,0
DA:91,0
DA:95,0
DA:96,0
DA:98,0
DA:101,0
DA:104,0
DA:105,0
DA:106,0
DA:107,0
DA:110,0
DA:111,0
DA:115,0
LF:63
LH:0
BRDA:17,0,0,0
BRDA:17,0,1,0
BRDA:17,1,0,0
BRDA:17,1,1,0
BRDA:26,2,0,0
BRDA:26,2,1,0
BRDA:28,3,0,0
BRDA:28,3,1,0
BRDA:54,4,0,0
BRDA:54,4,1,0
BRDA:82,5,0,0
BRDA:82,5,1,0
BRDA:82,6,0,0
BRDA:82,6,1,0
BRDA:86,7,0,0
BRDA:86,7,1,0
BRDA:87,8,0,0
BRDA:87,8,1,0
BRDA:106,9,0,0
BRDA:106,9,1,0
BRDA:107,10,0,0
BRDA:107,10,1,0
BRF:22
BRH:0
end_of_record
TN:
SF:auth/cookies.js
FN:1,setRefreshCookie
FN:11,clearRefreshCookie
FNF:2
FNH:0
FNDA:0,setRefreshCookie
FNDA:0,clearRefreshCookie
DA:2,0
DA:12,0
DA:17,0
LF:3
LH:0
BRDA:2,0,0,0
BRDA:2,0,1,0
BRDA:5,1,0,0
BRDA:5,1,1,0
BRDA:7,2,0,0
BRDA:7,2,1,0
BRDA:12,3,0,0
BRDA:12,3,1,0
BRF:8
BRH:0
end_of_record
TN:
SF:auth/createJWTToken.js
FN:4,createJWTToken
FN:16,createRefreshToken
FNF:2
FNH:0
FNDA:0,createJWTToken
FNDA:0,createRefreshToken
DA:1,0
DA:2,0
DA:5,0
DA:17,0
DA:28,0
LF:5
LH:0
BRDA:10,0,0,0
BRDA:10,0,1,0
BRDA:10,1,0,0
BRDA:10,1,1,0
BRF:4
BRH:0
end_of_record
TN:
SF:auth/device.js
FN:3,getOrCreateDeviceId
FNF:1
FNH:0
FNDA:0,getOrCreateDeviceId
DA:1,0
DA:4,0
DA:6,0
DA:7,0
DA:8,0
DA:16,0
DA:19,0
LF:7
LH:0
BRDA:6,0,0,0
BRDA:6,0,1,0
BRF:2
BRH:0
end_of_record
TN:
SF:auth/refreshTokenStore.js
FN:1,addDaysISO
FN:7,insertRefreshToken
FN:17,findRefreshToken
FN:21,revokeRefreshToken
FN:27,rotateRefreshToken
FN:33,touchRefreshToken
FNF:6
FNH:6
FNDA:1,addDaysISO
FNDA:1,insertRefreshToken
FNDA:2,findRefreshToken
FNDA:1,revokeRefreshToken
FNDA:1,rotateRefreshToken
FNDA:1,touchRefreshToken
DA:2,1
DA:3,1
DA:4,1
DA:8,1
DA:10,1
DA:14,1
DA:18,2
DA:22,1
DA:28,1
DA:34,1
DA:40,1
LF:11
LH:11
BRDA:11,0,0,1
BRDA:11,0,1,0
BRDA:11,1,0,1
BRDA:11,1,1,0
BRDA:11,2,0,1
BRDA:11,2,1,0
BRDA:11,3,0,1
BRDA:11,3,1,0
BRDA:11,4,0,1
BRDA:11,4,1,0
BRF:10
BRH:5
end_of_record
TN:
SF:auth/tokens.js
FN:4,createAccessToken
FN:13,createRefreshToken
FN:21,verifyRefreshToken
FN:28,verifyAccessToken
FNF:4
FNH:4
FNDA:4,createAccessToken
FNDA:3,createRefreshToken
FNDA:2,verifyRefreshToken
FNDA:3,verifyAccessToken
DA:1,1
DA:2,1
DA:5,4
DA:14,3
DA:22,2
DA:29,3
DA:30,3
DA:34,1
DA:36,2
DA:40,1
LF:10
LH:10
BRDA:6,0,0,4
BRDA:6,0,1,0
BRDA:7,1,0,0
BRDA:7,1,1,4
BRDA:7,2,0,4
BRDA:7,2,1,0
BRDA:15,3,0,0
BRDA:15,3,1,3
BRDA:16,4,0,0
BRDA:16,4,1,3
BRDA:16,5,0,3
BRDA:16,5,1,0
BRDA:23,6,0,0
BRDA:23,6,1,2
BRDA:23,7,0,2
BRDA:23,7,1,0
BRDA:31,8,0,0
BRDA:31,8,1,3
BRDA:31,9,0,3
BRDA:31,9,1,0
BRF:20
BRH:10
end_of_record
TN:
SF:config/database.js
FNF:0
FNH:0
DA:1,0
DA:2,0
DA:4,0
DA:5,0
DA:9,0
DA:10,0
DA:32,0
DA:42,0
LF:8
LH:0
BRDA:5,0,0,0
BRDA:5,0,1,0
BRDA:9,1,0,0
BRDA:9,1,1,0
BRDA:16,2,0,0
BRDA:16,2,1,0
BRDA:18,3,0,0
BRDA:18,3,1,0
BRDA:34,4,0,0
BRDA:34,4,1,0
BRDA:35,5,0,0
BRDA:35,5,1,0
BRF:12
BRH:0
end_of_record
TN:
SF:functions/aba/behaviorPlanExpirationCountDown.js
FN:3,behaviorPlanExpirationCountDown
FN:4,(anonymous_1)
FNF:2
FNH:0
FNDA:0,behaviorPlanExpirationCountDown
FNDA:0,(anonymous_1)
DA:1,0
DA:4,0
DA:5,0
DA:6,0
DA:7,0
DA:9,0
DA:10,0
DA:11,0
DA:14,0
DA:15,0
DA:16,0
DA:19,0
DA:21,0
DA:23,0
DA:28,0
LF:15
LH:0
BRDA:9,0,0,0
BRDA:9,0,1,0
BRDA:14,1,0,0
BRDA:14,1,1,0
BRF:4
BRH:0
end_of_record
TN:
SF:functions/base/addDayYear.js
FN:1,addDays
FN:7,addYears
FNF:2
FNH:0
FNDA:0,addDays
FNDA:0,addYears
DA:2,0
DA:3,0
DA:4,0
DA:8,0
DA:9,0
DA:10,0
DA:13,0
LF:7
LH:0
BRF:0
BRH:0
end_of_record
TN:
SF:functions/base/currentDateTime.js
FN:3,getCurrentDate
FN:4,(anonymous_1)
FN:14,getCurrentTime
FN:15,(anonymous_3)
FNF:4
FNH:0
FNDA:0,getCurrentDate
FNDA:0,(anonymous_1)
FNDA:0,getCurrentTime
FNDA:0,(anonymous_3)
DA:1,0
DA:4,0
DA:5,0
DA:6,0
DA:7,0
DA:9,0
DA:15,0
DA:16,0
DA:17,0
DA:18,0
DA:20,0
DA:25,0
LF:12
LH:0
BRF:0
BRH:0
end_of_record
TN:
SF:functions/base/dateTimeFormat.js
FN:6,dateTimeFormat
FN:14,formatDateString
FN:18,formatTimeString
FNF:3
FNH:0
FNDA:0,dateTimeFormat
FNDA:0,formatDateString
FNDA:0,formatTimeString
DA:1,0
DA:2,0
DA:3,0
DA:4,0
DA:8,0
DA:11,0
DA:15,0
DA:19,0
DA:20,0
DA:23,0
LF:10
LH:0
BRF:0
BRH:0
end_of_record
TN:
SF:functions/base/jsonHandler.js
FN:4,testJson
FN:6,(anonymous_1)
FN:18,(anonymous_2)
FN:19,(anonymous_3)
FN:20,(anonymous_4)
FN:32,(anonymous_5)
FN:33,(anonymous_6)
FN:34,(anonymous_7)
FN:46,(anonymous_8)
FN:47,(anonymous_9)
FN:48,(anonymous_10)
FN:60,updateBackupDetails
FN:64,(anonymous_12)
FN:74,(anonymous_13)
FN:84,updateImportDetails
FN:88,(anonymous_15)
FN:98,(anonymous_16)
FNF:17
FNH:0
FNDA:0,testJson
FNDA:0,(anonymous_1)
FNDA:0,(anonymous_2)
FNDA:0,(anonymous_3)
FNDA:0,(anonymous_4)
FNDA:0,(anonymous_5)
FNDA:0,(anonymous_6)
FNDA:0,(anonymous_7)
FNDA:0,(anonymous_8)
FNDA:0,(anonymous_9)
FNDA:0,(anonymous_10)
FNDA:0,updateBackupDetails
FNDA:0,(anonymous_12)
FNDA:0,(anonymous_13)
FNDA:0,updateImportDetails
FNDA:0,(anonymous_15)
FNDA:0,(anonymous_16)
DA:1,0
DA:2,0
DA:6,0
DA:7,0
DA:8,0
DA:9,0
DA:12,0
DA:13,0
DA:18,0
DA:19,0
DA:20,0
DA:21,0
DA:22,0
DA:23,0
DA:24,0
DA:26,0
DA:27,0
DA:32,0
DA:33,0
DA:34,0
DA:35,0
DA:36,0
DA:37,0
DA:38,0
DA:40,0
DA:41,0
DA:46,0
DA:47,0
DA:48,0
DA:49,0
DA:50,0
DA:51,0
DA:52,0
DA:54,0
DA:55,0
DA:61,0
DA:62,0
DA:64,0
DA:65,0
DA:66,0
DA:67,0
DA:70,0
DA:71,0
DA:72,0
DA:74,0
DA:75,0
DA:76,0
DA:77,0
DA:79,0
DA:85,0
DA:86,0
DA:88,0
DA:89,0
DA:90,0
DA:91,0
DA:94,0
DA:95,0
DA:96,0
DA:98,0
DA:99,0
DA:100,0
DA:101,0
DA:103,0
DA:108,0
LF:64
LH:0
BRDA:7,0,0,0
BRDA:7,0,1,0
BRDA:21,1,0,0
BRDA:21,1,1,0
BRDA:35,2,0,0
BRDA:35,2,1,0
BRDA:49,3,0,0
BRDA:49,3,1,0
BRDA:65,4,0,0
BRDA:65,4,1,0
BRDA:75,5,0,0
BRDA:75,5,1,0
BRDA:89,6,0,0
BRDA:89,6,1,0
BRDA:99,7,0,0
BRDA:99,7,1,0
BRF:16
BRH:0
end_of_record
TN:
SF:functions/security/generateSecurityToken.js
FN:1,generateRandomToken
FN:2,(anonymous_1)
FNF:2
FNH:0
FNDA:0,generateRandomToken
FNDA:0,(anonymous_1)
DA:2,0
DA:3,0
DA:4,0
DA:5,0
DA:6,0
DA:8,0
DA:9,0
DA:10,0
DA:13,0
DA:16,0
DA:21,0
LF:11
LH:0
BRF:0
BRH:0
end_of_record
TN:
SF:functions/users/generateUsername.js
FN:6,GenerateUsername
FN:7,(anonymous_1)
FN:36,checkIfUsernameExists
FNF:3
FNH:0
FNDA:0,GenerateUsername
FNDA:0,(anonymous_1)
FNDA:0,checkIfUsernameExists
DA:2,0
DA:3,0
DA:7,0
DA:8,0
DA:9,0
DA:10,0
DA:11,0
DA:12,0
DA:14,0
DA:15,0
DA:16,0
DA:18,0
DA:19,0
DA:20,0
DA:22,0
DA:23,0
DA:24,0
DA:25,0
DA:28,0
DA:30,0
DA:37,0
DA:38,0
DA:39,0
DA:40,0
DA:44,0
LF:25
LH:0
BRDA:22,0,0,0
BRDA:22,0,1,0
BRDA:22,1,0,0
BRDA:22,1,1,0
BRDA:37,2,0,0
BRDA:37,2,1,0
BRDA:37,3,0,0
BRDA:37,3,1,0
BRDA:39,4,0,0
BRDA:39,4,1,0
BRF:10
BRH:0
end_of_record
TN:
SF:middleware/authMiddleware.js
FN:7,authMiddleware
FNF:1
FNH:0
FNDA:0,authMiddleware
DA:1,0
DA:2,0
DA:4,0
DA:5,0
DA:8,0
DA:9,0
DA:11,0
DA:12,0
DA:18,0
DA:21,0
DA:22,0
DA:28,0
DA:35,0
DA:36,0
DA:38,0
DA:44,0
DA:48,0
LF:17
LH:0
BRDA:8,0,0,0
BRDA:8,0,1,0
BRDA:11,1,0,0
BRDA:11,1,1,0
BRDA:11,2,0,0
BRDA:11,2,1,0
BRDA:24,3,0,0
BRDA:24,3,1,0
BRDA:24,4,0,0
BRDA:24,4,1,0
BRF:10
BRH:0
end_of_record
TN:
SF:middleware/rbac.js
FN:1,requireRole
FN:2,(anonymous_1)
FN:9,requirePermission
FN:10,(anonymous_3)
FNF:4
FNH:0
FNDA:0,requireRole
FNDA:0,(anonymous_1)
FNDA:0,requirePermission
FNDA:0,(anonymous_3)
DA:2,0
DA:3,0
DA:4,0
DA:5,0
DA:10,0
DA:11,0
DA:12,0
DA:13,0
DA:17,0
LF:9
LH:0
BRDA:3,0,0,0
BRDA:3,0,1,0
BRDA:4,1,0,0
BRDA:4,1,1,0
BRDA:11,2,0,0
BRDA:11,2,1,0
BRDA:12,3,0,0
BRDA:12,3,1,0
BRF:8
BRH:0
end_of_record
TN:
SF:middleware/requestLogger.js
FN:18,requestLogger
FN:21,(anonymous_1)
FN:31,(anonymous_2)
FNF:3
FNH:0
FNDA:0,requestLogger
FNDA:0,(anonymous_1)
FNDA:0,(anonymous_2)
DA:1,0
DA:2,0
DA:5,0
DA:6,0
DA:9,0
DA:10,0
DA:14,0
DA:15,0
DA:19,0
DA:21,0
DA:22,0
DA:24,0
DA:28,0
DA:31,0
DA:32,0
DA:36,0
DA:39,0
LF:17
LH:0
BRDA:9,0,0,0
BRDA:9,0,1,0
BRDA:14,1,0,0
BRDA:14,1,1,0
BRDA:32,2,0,0
BRDA:32,2,1,0
BRF:6
BRH:0
end_of_record
TN:
SF:middleware/aws/s3Handler.js
FN:24,backupDatabaseToS3
FN:29,(anonymous_1)
FN:33,(anonymous_2)
FN:51,uploadBackup
FN:59,(anonymous_4)
FN:75,importBackupFromS3
FN:81,(anonymous_6)
FN:95,(anonymous_7)
FN:101,(anonymous_8)
FN:110,sendDatabaseBackupImportEmailNotification
FN:121,updateBackupImportStatus
FNF:11
FNH:0
FNDA:0,backupDatabaseToS3
FNDA:0,(anonymous_1)
FNDA:0,(anonymous_2)
FNDA:0,uploadBackup
FNDA:0,(anonymous_4)
FNDA:0,importBackupFromS3
FNDA:0,(anonymous_6)
FNDA:0,(anonymous_7)
FNDA:0,(anonymous_8)
FNDA:0,sendDatabaseBackupImportEmailNotification
FNDA:0,updateBackupImportStatus
DA:1,0
DA:2,0
DA:3,0
DA:4,0
DA:5,0
DA:6,0
DA:7,0
DA:8,0
DA:9,0
DA:10,0
DA:11,0
DA:14,0
DA:21,0
DA:25,0
DA:26,0
DA:29,0
DA:30,0
DA:33,0
DA:34,0
DA:39,0
DA:42,0
DA:46,0
DA:52,0
DA:53,0
DA:54,0
DA:59,0
DA:60,0
DA:62,0
DA:63,0
DA:67,0
DA:68,0
DA:76,0
DA:77,0
DA:78,0
DA:81,0
DA:82,0
DA:84,0
DA:85,0
DA:86,0
DA:90,0
DA:91,0
DA:95,0
DA:97,0
DA:98,0
DA:101,0
DA:103,0
DA:104,0
DA:111,0
DA:112,0
DA:113,0
DA:115,0
DA:116,0
DA:122,0
DA:123,0
DA:124,0
DA:126,0
DA:127,0
DA:139,0
LF:58
LH:0
BRDA:30,0,0,0
BRDA:30,0,1,0
BRDA:34,1,0,0
BRDA:34,1,1,0
BRDA:42,2,0,0
BRDA:42,2,1,0
BRDA:60,3,0,0
BRDA:60,3,1,0
BRDA:82,4,0,0
BRDA:82,4,1,0
BRDA:111,5,0,0
BRDA:111,5,1,0
BRDA:112,6,0,0
BRDA:112,6,1,0
BRDA:115,7,0,0
BRDA:115,7,1,0
BRDA:122,8,0,0
BRDA:122,8,1,0
BRDA:123,9,0,0
BRDA:123,9,1,0
BRDA:126,10,0,0
BRDA:126,10,1,0
BRF:22
BRH:0
end_of_record
TN:
SF:middleware/cookies/cookieHandler.js
FN:6,(anonymous_0)
FN:7,(anonymous_1)
FN:35,(anonymous_2)
FN:46,(anonymous_3)
FN:51,(anonymous_4)
FN:61,(anonymous_5)
FN:77,(anonymous_6)
FN:78,(anonymous_7)
FN:94,(anonymous_8)
FNF:9
FNH:0
FNDA:0,(anonymous_0)
FNDA:0,(anonymous_1)
FNDA:0,(anonymous_2)
FNDA:0,(anonymous_3)
FNDA:0,(anonymous_4)
FNDA:0,(anonymous_5)
FNDA:0,(anonymous_6)
FNDA:0,(anonymous_7)
FNDA:0,(anonymous_8)
DA:1,0
DA:2,0
DA:3,0
DA:4,0
DA:6,0
DA:7,0
DA:8,0
DA:9,0
DA:10,0
DA:14,0
DA:24,0
DA:26,0
DA:28,0
DA:29,0
DA:30,0
DA:32,0
DA:34,0
DA:35,0
DA:36,0
DA:39,0
DA:42,0
DA:46,0
DA:47,0
DA:48,0
DA:51,0
DA:52,0
DA:53,0
DA:54,0
DA:55,0
DA:58,0
DA:61,0
DA:62,0
DA:63,0
DA:65,0
DA:67,0
DA:68,0
DA:69,0
DA:71,0
DA:73,0
DA:77,0
DA:78,0
DA:79,0
DA:80,0
DA:81,0
DA:84,0
DA:89,0
DA:91,0
DA:93,0
DA:94,0
DA:95,0
DA:98,0
DA:101,0
DA:105,0
LF:53
LH:0
BRDA:6,0,0,0
BRDA:8,1,0,0
BRDA:8,1,1,0
BRDA:8,2,0,0
BRDA:8,2,1,0
BRDA:17,3,0,0
BRDA:17,3,1,0
BRDA:34,4,0,0
BRDA:34,4,1,0
BRDA:47,5,0,0
BRDA:47,5,1,0
BRDA:47,6,0,0
BRDA:47,6,1,0
BRDA:47,6,2,0
BRDA:54,7,0,0
BRDA:54,7,1,0
BRDA:67,8,0,0
BRDA:67,8,1,0
BRDA:77,9,0,0
BRDA:79,10,0,0
BRDA:79,10,1,0
BRDA:79,11,0,0
BRDA:79,11,1,0
BRDA:86,12,0,0
BRDA:86,12,1,0
BRDA:93,13,0,0
BRDA:93,13,1,0
BRF:27
BRH:0
end_of_record
TN:
SF:middleware/database/dbConnection.js
FN:3,(anonymous_0)
FNF:1
FNH:0
FNDA:0,(anonymous_0)
DA:1,0
DA:3,0
DA:4,0
DA:5,0
DA:9,0
LF:5
LH:0
BRDA:4,0,0,0
BRDA:4,0,1,0
BRF:2
BRH:0
end_of_record
TN:
SF:middleware/email/emailTemplate.js
FNF:0
FNH:0
DA:1,0
DA:2,0
DA:3,0
DA:4,0
DA:5,0
DA:6,0
DA:8,0
LF:7
LH:0
BRF:0
BRH:0
end_of_record
TN:
SF:middleware/helpers/ABAQueries.js
FN:4,abaClientExistByID
FN:15,abaAddClientData
FN:35,abaGetClientDataByID
FN:47,abaGetAllClientData
FN:52,(anonymous_4)
FN:58,abaUpdateClientData
FN:76,behaviorSkillExistByID
FN:87,abaAddBehaviorOrSkill
FN:110,abaUpdateBehaviorOrSkill
FN:129,abaGetBehaviorOrSkill
FN:135,(anonymous_10)
FN:141,abaGetABehaviorOrSkill
FN:147,(anonymous_12)
FN:153,abaAddFrequencyBehaviorData
FN:175,abaAddRateBehaviorData
FN:198,abaAddDurationBehaviorData
FN:220,abaGetBehaviorDataById
FN:226,(anonymous_17)
FN:232,abaFoundBehaviorDataById
FN:243,abaMergeBehaviorDataById
FN:255,abaDeleteBehaviorDataByID
FN:266,abaGetBehaviorDataByBehaviorId
FN:277,abaDeleteBehaviorDataByBehaviorID
FN:288,abaDeleteBehaviorOrSkillByID
FN:299,abaArchiveBehaviorDataByID
FN:311,abaArchiveBehaviorOrSkillByID
FN:325,archiveBehaviorSkillExistByID
FN:336,abaReactivateBehaviorDataByID
FN:348,abaReactivateBehaviorOrSkillByID
FN:360,abaGetArchivedBehaviorDataById
FN:366,(anonymous_30)
FN:372,abaGetArchivedBehaviorOrSkill
FN:378,(anonymous_32)
FN:384,abaDeleteArchivedBehaviorDataByID
FN:395,abaDeleteArchivedBehaviorOrSkillByID
FN:406,abaGetAArchivedBehaviorOrSkill
FN:412,(anonymous_36)
FN:418,abaGetArchivedBehaviorDataByBehaviorId
FN:429,abaDeleteArchivedBehaviorDataByBehaviorID
FN:441,abaSessionNoteDataByClientIDExists
FN:452,abaSessionNoteDataByClientID
FN:458,(anonymous_41)
FN:464,abaGetSessionNoteByID
FN:470,(anonymous_43)
FN:476,abaAddSessionNoteData
FN:496,abaDeleteSessionNoteDataByID
FNF:46
FNH:0
FNDA:0,abaClientExistByID
FNDA:0,abaAddClientData
FNDA:0,abaGetClientDataByID
FNDA:0,abaGetAllClientData
FNDA:0,(anonymous_4)
FNDA:0,abaUpdateClientData
FNDA:0,behaviorSkillExistByID
FNDA:0,abaAddBehaviorOrSkill
FNDA:0,abaUpdateBehaviorOrSkill
FNDA:0,abaGetBehaviorOrSkill
FNDA:0,(anonymous_10)
FNDA:0,abaGetABehaviorOrSkill
FNDA:0,(anonymous_12)
FNDA:0,abaAddFrequencyBehaviorData
FNDA:0,abaAddRateBehaviorData
FNDA:0,abaAddDurationBehaviorData
FNDA:0,abaGetBehaviorDataById
FNDA:0,(anonymous_17)
FNDA:0,abaFoundBehaviorDataById
FNDA:0,abaMergeBehaviorDataById
FNDA:0,abaDeleteBehaviorDataByID
FNDA:0,abaGetBehaviorDataByBehaviorId
FNDA:0,abaDeleteBehaviorDataByBehaviorID
FNDA:0,abaDeleteBehaviorOrSkillByID
FNDA:0,abaArchiveBehaviorDataByID
FNDA:0,abaArchiveBehaviorOrSkillByID
FNDA:0,archiveBehaviorSkillExistByID
FNDA:0,abaReactivateBehaviorDataByID
FNDA:0,abaReactivateBehaviorOrSkillByID
FNDA:0,abaGetArchivedBehaviorDataById
FNDA:0,(anonymous_30)
FNDA:0,abaGetArchivedBehaviorOrSkill
FNDA:0,(anonymous_32)
FNDA:0,abaDeleteArchivedBehaviorDataByID
FNDA:0,abaDeleteArchivedBehaviorOrSkillByID
FNDA:0,abaGetAArchivedBehaviorOrSkill
FNDA:0,(anonymous_36)
FNDA:0,abaGetArchivedBehaviorDataByBehaviorId
FNDA:0,abaDeleteArchivedBehaviorDataByBehaviorID
FNDA:0,abaSessionNoteDataByClientIDExists
FNDA:0,abaSessionNoteDataByClientID
FNDA:0,(anonymous_41)
FNDA:0,abaGetSessionNoteByID
FNDA:0,(anonymous_43)
FNDA:0,abaAddSessionNoteData
FNDA:0,abaDeleteSessionNoteDataByID
DA:1,0
DA:5,0
DA:6,0
DA:9,0
DA:11,0
DA:16,0
DA:17,0
DA:29,0
DA:31,0
DA:36,0
DA:37,0
DA:41,0
DA:43,0
DA:48,0
DA:49,0
DA:52,0
DA:54,0
DA:59,0
DA:60,0
DA:69,0
DA:71,0
DA:77,0
DA:78,0
DA:81,0
DA:83,0
DA:88,0
DA:89,0
DA:104,0
DA:106,0
DA:111,0
DA:112,0
DA:123,0
DA:125,0
DA:130,0
DA:131,0
DA:135,0
DA:137,0
DA:142,0
DA:143,0
DA:147,0
DA:149,0
DA:154,0
DA:155,0
DA:169,0
DA:171,0
DA:176,0
DA:177,0
DA:192,0
DA:194,0
DA:199,0
DA:200,0
DA:214,0
DA:216,0
DA:221,0
DA:222,0
DA:226,0
DA:228,0
DA:233,0
DA:234,0
DA:237,0
DA:239,0
DA:244,0
DA:245,0
DA:249,0
DA:251,0
DA:256,0
DA:257,0
DA:260,0
DA:262,0
DA:267,0
DA:268,0
DA:271,0
DA:273,0
DA:278,0
DA:279,0
DA:282,0
DA:284,0
DA:289,0
DA:290,0
DA:293,0
DA:295,0
DA:300,0
DA:301,0
DA:305,0
DA:307,0
DA:312,0
DA:313,0
DA:317,0
DA:319,0
DA:326,0
DA:327,0
DA:330,0
DA:332,0
DA:337,0
DA:338,0
DA:342,0
DA:344,0
DA:349,0
DA:350,0
DA:354,0
DA:356,0
DA:361,0
DA:362,0
DA:366,0
DA:368,0
DA:373,0
DA:374,0
DA:378,0
DA:380,0
DA:385,0
DA:386,0
DA:389,0
DA:391,0
DA:396,0
DA:397,0
DA:400,0
DA:402,0
DA:407,0
DA:408,0
DA:412,0
DA:414,0
DA:419,0
DA:420,0
DA:423,0
DA:425,0
DA:430,0
DA:431,0
DA:434,0
DA:436,0
DA:442,0
DA:443,0
DA:446,0
DA:448,0
DA:453,0
DA:454,0
DA:458,0
DA:460,0
DA:465,0
DA:466,0
DA:470,0
DA:472,0
DA:477,0
DA:478,0
DA:490,0
DA:492,0
DA:497,0
DA:498,0
DA:501,0
DA:503,0
DA:507,0
LF:150
LH:0
BRDA:41,0,0,0
BRDA:41,0,1,0
BRF:2
BRH:0
end_of_record
TN:
SF:middleware/helpers/AdminQueries.js
FN:4,adminExistByUsername
FN:15,adminExistByID
FN:26,adminDataByUsername
FN:38,adminDataById
FN:50,adminAddNewEmployee
FN:72,adminDeleteAnEmployeeByID
FN:83,adminDeleteAnEmployeeByUsername
FN:94,adminUpdateEmployeeAccountStatusByUsername
FN:106,adminUpdateEmployeeAccountStatusByID
FN:118,adminUpdateEmployeeAccountByUsername
FN:130,adminUpdateEmployeeAccountByID
FN:143,homeExistByName
FN:154,homeExistByID
FN:165,homeDataByName
FN:177,homeDataById
FN:189,adminAddNewHome
FN:209,adminDeleteAHomeByID
FN:220,adminDeleteAHomeByName
FN:231,adminUpdateHomeByName
FN:243,adminUpdateHomeByID
FNF:20
FNH:0
FNDA:0,adminExistByUsername
FNDA:0,adminExistByID
FNDA:0,adminDataByUsername
FNDA:0,adminDataById
FNDA:0,adminAddNewEmployee
FNDA:0,adminDeleteAnEmployeeByID
FNDA:0,adminDeleteAnEmployeeByUsername
FNDA:0,adminUpdateEmployeeAccountStatusByUsername
FNDA:0,adminUpdateEmployeeAccountStatusByID
FNDA:0,adminUpdateEmployeeAccountByUsername
FNDA:0,adminUpdateEmployeeAccountByID
FNDA:0,homeExistByName
FNDA:0,homeExistByID
FNDA:0,homeDataByName
FNDA:0,homeDataById
FNDA:0,adminAddNewHome
FNDA:0,adminDeleteAHomeByID
FNDA:0,adminDeleteAHomeByName
FNDA:0,adminUpdateHomeByName
FNDA:0,adminUpdateHomeByID
DA:1,0
DA:5,0
DA:6,0
DA:9,0
DA:11,0
DA:16,0
DA:17,0
DA:20,0
DA:22,0
DA:27,0
DA:28,0
DA:32,0
DA:34,0
DA:39,0
DA:40,0
DA:44,0
DA:46,0
DA:51,0
DA:52,0
DA:66,0
DA:68,0
DA:73,0
DA:74,0
DA:77,0
DA:79,0
DA:84,0
DA:85,0
DA:88,0
DA:90,0
DA:95,0
DA:96,0
DA:100,0
DA:102,0
DA:107,0
DA:108,0
DA:112,0
DA:114,0
DA:119,0
DA:120,0
DA:124,0
DA:126,0
DA:131,0
DA:132,0
DA:136,0
DA:138,0
DA:144,0
DA:145,0
DA:148,0
DA:150,0
DA:155,0
DA:156,0
DA:159,0
DA:161,0
DA:166,0
DA:167,0
DA:171,0
DA:173,0
DA:178,0
DA:179,0
DA:183,0
DA:185,0
DA:190,0
DA:191,0
DA:203,0
DA:205,0
DA:210,0
DA:211,0
DA:214,0
DA:216,0
DA:221,0
DA:222,0
DA:225,0
DA:227,0
DA:232,0
DA:233,0
DA:237,0
DA:239,0
DA:244,0
DA:245,0
DA:249,0
DA:251,0
DA:255,0
LF:82
LH:0
BRDA:32,0,0,0
BRDA:32,0,1,0
BRDA:44,1,0,0
BRDA:44,1,1,0
BRDA:171,2,0,0
BRDA:171,2,1,0
BRDA:183,3,0,0
BRDA:183,3,1,0
BRF:8
BRH:0
end_of_record
TN:
SF:middleware/helpers/EmployeeQueries.js
FN:4,employeeExistByUsername
FN:15,employeeExistByID
FN:26,employeeDataByUsername
FN:38,employeeDataById
FN:50,employeePasswordByUsername
FN:62,employeePasswordById
FN:74,employeeUpdateEmployeeAccountByUsername
FN:86,employeeUpdateEmployeeAccountByID
FN:98,employeeUpdateEmployeeAccountWithoutPasswordByUsername
FN:110,employeeUpdateEmployeeAccountWithoutPasswordByID
FN:122,employeeUpdateEmployeeAccountStatusByUsername
FN:134,employeeUpdateEmployeeStatusAccountByID
FN:146,employeeSetEmployeeCredentialsByUsername
FN:158,employeeSetEmployeeCredentialsByID
FN:171,behaviorSkillExistByID
FN:182,employeeAddFrequencyBehaviorData
FN:204,employeeAddRateBehaviorData
FN:227,employeeAddDurationBehaviorData
FNF:18
FNH:0
FNDA:0,employeeExistByUsername
FNDA:0,employeeExistByID
FNDA:0,employeeDataByUsername
FNDA:0,employeeDataById
FNDA:0,employeePasswordByUsername
FNDA:0,employeePasswordById
FNDA:0,employeeUpdateEmployeeAccountByUsername
FNDA:0,employeeUpdateEmployeeAccountByID
FNDA:0,employeeUpdateEmployeeAccountWithoutPasswordByUsername
FNDA:0,employeeUpdateEmployeeAccountWithoutPasswordByID
FNDA:0,employeeUpdateEmployeeAccountStatusByUsername
FNDA:0,employeeUpdateEmployeeStatusAccountByID
FNDA:0,employeeSetEmployeeCredentialsByUsername
FNDA:0,employeeSetEmployeeCredentialsByID
FNDA:0,behaviorSkillExistByID
FNDA:0,employeeAddFrequencyBehaviorData
FNDA:0,employeeAddRateBehaviorData
FNDA:0,employeeAddDurationBehaviorData
DA:1,0
DA:5,0
DA:6,0
DA:9,0
DA:11,0
DA:16,0
DA:17,0
DA:20,0
DA:22,0
DA:27,0
DA:28,0
DA:32,0
DA:34,0
DA:39,0
DA:40,0
DA:44,0
DA:46,0
DA:51,0
DA:52,0
DA:56,0
DA:58,0
DA:63,0
DA:64,0
DA:68,0
DA:70,0
DA:75,0
DA:76,0
DA:80,0
DA:82,0
DA:87,0
DA:88,0
DA:92,0
DA:94,0
DA:99,0
DA:100,0
DA:104,0
DA:106,0
DA:111,0
DA:112,0
DA:116,0
DA:118,0
DA:123,0
DA:124,0
DA:128,0
DA:130,0
DA:135,0
DA:136,0
DA:140,0
DA:142,0
DA:147,0
DA:148,0
DA:152,0
DA:154,0
DA:159,0
DA:160,0
DA:164,0
DA:166,0
DA:172,0
DA:173,0
DA:176,0
DA:178,0
DA:183,0
DA:184,0
DA:198,0
DA:200,0
DA:205,0
DA:206,0
DA:221,0
DA:223,0
DA:228,0
DA:229,0
DA:243,0
DA:245,0
DA:249,0
LF:74
LH:0
BRDA:32,0,0,0
BRDA:32,0,1,0
BRDA:44,1,0,0
BRDA:44,1,1,0
BRDA:56,2,0,0
BRDA:56,2,1,0
BRDA:68,3,0,0
BRDA:68,3,1,0
BRF:8
BRH:0
end_of_record
TN:
SF:middleware/helpers/authLog.js
FN:3,logAuthEvent
FN:23,(anonymous_1)
FNF:2
FNH:0
FNDA:0,logAuthEvent
FNDA:0,(anonymous_1)
DA:1,0
DA:13,0
DA:15,0
DA:24,0
DA:28,0
LF:5
LH:0
BRDA:5,0,0,0
BRDA:6,1,0,0
BRDA:7,2,0,0
BRDA:8,3,0,0
BRDA:9,4,0,0
BRDA:10,5,0,0
BRF:6
BRH:0
end_of_record
TN:
SF:models/AuthLog.js
FNF:0
FNH:0
DA:1,0
DA:2,0
DA:6,0
DA:42,0
LF:4
LH:0
BRF:0
BRH:0
end_of_record
TN:
SF:models/BehaviorAndSkill.js
FNF:0
FNH:0
DA:1,0
DA:2,0
DA:6,0
DA:70,0
LF:4
LH:0
BRF:0
BRH:0
end_of_record
TN:
SF:models/BehaviorData.js
FNF:0
FNH:0
DA:1,0
DA:2,0
DA:6,0
DA:75,0
LF:4
LH:0
BRF:0
BRH:0
end_of_record
TN:
SF:models/Client.js
FNF:0
FNH:0
DA:1,0
DA:2,0
DA:6,0
DA:64,0
LF:4
LH:0
BRF:0
BRH:0
end_of_record
TN:
SF:models/CompanyData.js
FNF:0
FNH:0
DA:1,0
DA:2,0
DA:6,0
DA:62,0
LF:4
LH:0
BRF:0
BRH:0
end_of_record
TN:
SF:models/Employee.js
FNF:0
FNH:0
DA:1,0
DA:2,0
DA:6,0
DA:71,0
LF:4
LH:0
BRF:0
BRH:0
end_of_record
TN:
SF:models/Home.js
FNF:0
FNH:0
DA:1,0
DA:2,0
DA:6,0
DA:51,0
LF:4
LH:0
BRF:0
BRH:0
end_of_record
TN:
SF:models/RefreshToken.js
FNF:0
FNH:0
DA:1,0
DA:2,0
DA:6,0
DA:66,0
LF:4
LH:0
BRF:0
BRH:0
end_of_record
TN:
SF:models/SessionNoteData.js
FNF:0
FNH:0
DA:1,0
DA:2,0
DA:6,0
DA:59,0
LF:4
LH:0
BRF:0
BRH:0
end_of_record
TN:
SF:models/SkillData.js
FNF:0
FNH:0
DA:1,0
DA:2,0
DA:6,0
DA:59,0
LF:4
LH:0
BRF:0
BRH:0
end_of_record
TN:
SF:models/index.js
FN:32,(anonymous_0)
FN:45,(anonymous_1)
FNF:2
FNH:0
FNDA:0,(anonymous_0)
FNDA:0,(anonymous_1)
DA:1,0
DA:2,0
DA:3,0
DA:4,0
DA:5,0
DA:6,0
DA:7,0
DA:8,0
DA:9,0
DA:10,0
DA:11,0
DA:13,0
DA:32,0
DA:33,0
DA:36,0
DA:37,0
DA:39,0
DA:40,0
DA:45,0
DA:46,0
DA:47,0
DA:48,0
DA:50,0
DA:51,0
DA:55,0
LF:25
LH:0
BRF:0
BRH:0
end_of_record
TN:
SF:routes/ABA.js
FN:14,(anonymous_0)
FN:60,(anonymous_1)
FN:95,(anonymous_2)
FN:132,(anonymous_3)
FN:142,(anonymous_4)
FN:173,(anonymous_5)
FN:228,(anonymous_6)
FN:272,(anonymous_7)
FN:295,(anonymous_8)
FN:331,(anonymous_9)
FN:366,(anonymous_10)
FN:402,(anonymous_11)
FN:438,(anonymous_12)
FN:477,(anonymous_13)
FN:517,(anonymous_14)
FN:557,(anonymous_15)
FN:625,(anonymous_16)
FN:684,(anonymous_17)
FN:735,(anonymous_18)
FN:777,(anonymous_19)
FN:815,(anonymous_20)
FN:865,(anonymous_21)
FN:907,(anonymous_22)
FN:946,(anonymous_23)
FN:987,(anonymous_24)
FN:1024,(anonymous_25)
FN:1061,(anonymous_26)
FN:1096,(anonymous_27)
FN:1131,(anonymous_28)
FNF:29
FNH:0
FNDA:0,(anonymous_0)
FNDA:0,(anonymous_1)
FNDA:0,(anonymous_2)
FNDA:0,(anonymous_3)
FNDA:0,(anonymous_4)
FNDA:0,(anonymous_5)
FNDA:0,(anonymous_6)
FNDA:0,(anonymous_7)
FNDA:0,(anonymous_8)
FNDA:0,(anonymous_9)
FNDA:0,(anonymous_10)
FNDA:0,(anonymous_11)
FNDA:0,(anonymous_12)
FNDA:0,(anonymous_13)
FNDA:0,(anonymous_14)
FNDA:0,(anonymous_15)
FNDA:0,(anonymous_16)
FNDA:0,(anonymous_17)
FNDA:0,(anonymous_18)
FNDA:0,(anonymous_19)
FNDA:0,(anonymous_20)
FNDA:0,(anonymous_21)
FNDA:0,(anonymous_22)
FNDA:0,(anonymous_23)
FNDA:0,(anonymous_24)
FNDA:0,(anonymous_25)
FNDA:0,(anonymous_26)
FNDA:0,(anonymous_27)
FNDA:0,(anonymous_28)
DA:1,0
DA:2,0
DA:3,0
DA:4,0
DA:6,0
DA:7,0
DA:8,0
DA:9,0
DA:10,0
DA:11,0
DA:14,0
DA:15,0
DA:16,0
DA:17,0
DA:18,0
DA:19,0
DA:20,0
DA:21,0
DA:22,0
DA:23,0
DA:24,0
DA:26,0
DA:27,0
DA:29,0
DA:30,0
DA:31,0
DA:32,0
DA:35,0
DA:39,0
DA:40,0
DA:41,0
DA:44,0
DA:49,0
DA:53,0
DA:56,0
DA:60,0
DA:61,0
DA:62,0
DA:63,0
DA:65,0
DA:66,0
DA:68,0
DA:69,0
DA:70,0
DA:72,0
DA:73,0
DA:76,0
DA:80,0
DA:84,0
DA:88,0
DA:91,0
DA:95,0
DA:96,0
DA:97,0
DA:98,0
DA:99,0
DA:100,0
DA:101,0
DA:102,0
DA:103,0
DA:104,0
DA:105,0
DA:107,0
DA:108,0
DA:110,0
DA:111,0
DA:112,0
DA:113,0
DA:116,0
DA:121,0
DA:125,0
DA:128,0
DA:132,0
DA:133,0
DA:134,0
DA:138,0
DA:142,0
DA:143,0
DA:144,0
DA:146,0
DA:147,0
DA:149,0
DA:151,0
DA:153,0
DA:154,0
DA:157,0
DA:161,0
DA:165,0
DA:168,0
DA:173,0
DA:174,0
DA:175,0
DA:176,0
DA:177,0
DA:179,0
DA:180,0
DA:182,0
DA:183,0
DA:184,0
DA:185,0
DA:186,0
DA:187,0
DA:188,0
DA:189,0
DA:190,0
DA:192,0
DA:193,0
DA:195,0
DA:196,0
DA:197,0
DA:201,0
DA:205,0
DA:209,0
DA:210,0
DA:213,0
DA:217,0
DA:221,0
DA:224,0
DA:228,0
DA:229,0
DA:230,0
DA:231,0
DA:232,0
DA:233,0
DA:234,0
DA:235,0
DA:237,0
DA:238,0
DA:240,0
DA:241,0
DA:242,0
DA:244,0
DA:245,0
DA:246,0
DA:249,0
DA:253,0
DA:257,0
DA:261,0
DA:265,0
DA:268,0
DA:272,0
DA:273,0
DA:274,0
DA:275,0
DA:277,0
DA:278,0
DA:280,0
DA:284,0
DA:288,0
DA:291,0
DA:295,0
DA:296,0
DA:297,0
DA:298,0
DA:299,0
DA:301,0
DA:302,0
DA:304,0
DA:305,0
DA:306,0
DA:308,0
DA:309,0
DA:312,0
DA:316,0
DA:320,0
DA:324,0
DA:327,0
DA:331,0
DA:332,0
DA:333,0
DA:334,0
DA:336,0
DA:337,0
DA:339,0
DA:340,0
DA:341,0
DA:343,0
DA:344,0
DA:347,0
DA:351,0
DA:355,0
DA:359,0
DA:362,0
DA:366,0
DA:367,0
DA:368,0
DA:369,0
DA:370,0
DA:372,0
DA:373,0
DA:375,0
DA:376,0
DA:377,0
DA:379,0
DA:380,0
DA:383,0
DA:387,0
DA:391,0
DA:395,0
DA:398,0
DA:402,0
DA:403,0
DA:404,0
DA:405,0
DA:406,0
DA:408,0
DA:409,0
DA:411,0
DA:412,0
DA:413,0
DA:415,0
DA:416,0
DA:419,0
DA:423,0
DA:427,0
DA:431,0
DA:434,0
DA:438,0
DA:439,0
DA:440,0
DA:441,0
DA:443,0
DA:444,0
DA:446,0
DA:447,0
DA:448,0
DA:449,0
DA:451,0
DA:452,0
DA:454,0
DA:455,0
DA:458,0
DA:462,0
DA:466,0
DA:470,0
DA:473,0
DA:477,0
DA:478,0
DA:479,0
DA:480,0
DA:481,0
DA:483,0
DA:484,0
DA:486,0
DA:487,0
DA:488,0
DA:489,0
DA:491,0
DA:492,0
DA:494,0
DA:495,0
DA:498,0
DA:502,0
DA:506,0
DA:510,0
DA:513,0
DA:517,0
DA:518,0
DA:519,0
DA:520,0
DA:521,0
DA:523,0
DA:524,0
DA:526,0
DA:527,0
DA:528,0
DA:529,0
DA:531,0
DA:532,0
DA:534,0
DA:535,0
DA:538,0
DA:542,0
DA:546,0
DA:550,0
DA:553,0
DA:557,0
DA:558,0
DA:559,0
DA:560,0
DA:561,0
DA:562,0
DA:563,0
DA:564,0
DA:565,0
DA:566,0
DA:567,0
DA:570,0
DA:572,0
DA:573,0
DA:575,0
DA:576,0
DA:577,0
DA:579,0
DA:580,0
DA:582,0
DA:584,0
DA:585,0
DA:587,0
DA:589,0
DA:590,0
DA:592,0
DA:594,0
DA:595,0
DA:597,0
DA:600,0
DA:601,0
DA:606,0
DA:609,0
DA:613,0
DA:617,0
DA:621,0
DA:625,0
DA:626,0
DA:627,0
DA:628,0
DA:629,0
DA:630,0
DA:632,0
DA:633,0
DA:635,0
DA:636,0
DA:637,0
DA:638,0
DA:640,0
DA:641,0
DA:643,0
DA:644,0
DA:646,0
DA:647,0
DA:648,0
DA:651,0
DA:652,0
DA:657,0
DA:658,0
DA:664,0
DA:669,0
DA:673,0
DA:677,0
DA:680,0
DA:684,0
DA:685,0
DA:686,0
DA:687,0
DA:688,0
DA:690,0
DA:691,0
DA:693,0
DA:694,0
DA:695,0
DA:696,0
DA:697,0
DA:699,0
DA:700,0
DA:701,0
DA:704,0
DA:705,0
DA:710,0
DA:711,0
DA:715,0
DA:720,0
DA:724,0
DA:728,0
DA:731,0
DA:735,0
DA:736,0
DA:737,0
DA:738,0
DA:739,0
DA:741,0
DA:742,0
DA:744,0
DA:745,0
DA:747,0
DA:748,0
DA:749,0
DA:752,0
DA:753,0
DA:758,0
DA:759,0
DA:763,0
DA:766,0
DA:770,0
DA:773,0
DA:777,0
DA:778,0
DA:779,0
DA:780,0
DA:781,0
DA:782,0
DA:784,0
DA:785,0
DA:787,0
DA:788,0
DA:790,0
DA:791,0
DA:792,0
DA:796,0
DA:800,0
DA:804,0
DA:808,0
DA:811,0
DA:815,0
DA:816,0
DA:817,0
DA:818,0
DA:819,0
DA:821,0
DA:822,0
DA:824,0
DA:825,0
DA:826,0
DA:827,0
DA:829,0
DA:830,0
DA:831,0
DA:834,0
DA:835,0
DA:840,0
DA:841,0
DA:845,0
DA:850,0
DA:854,0
DA:858,0
DA:861,0
DA:865,0
DA:866,0
DA:867,0
DA:868,0
DA:869,0
DA:871,0
DA:872,0
DA:874,0
DA:875,0
DA:877,0
DA:878,0
DA:879,0
DA:882,0
DA:883,0
DA:888,0
DA:889,0
DA:893,0
DA:896,0
DA:900,0
DA:903,0
DA:907,0
DA:908,0
DA:909,0
DA:910,0
DA:911,0
DA:912,0
DA:915,0
DA:916,0
DA:918,0
DA:919,0
DA:921,0
DA:922,0
DA:923,0
DA:927,0
DA:931,0
DA:935,0
DA:939,0
DA:942,0
DA:946,0
DA:947,0
DA:948,0
DA:949,0
DA:950,0
DA:951,0
DA:952,0
DA:954,0
DA:955,0
DA:957,0
DA:958,0
DA:959,0
DA:962,0
DA:963,0
DA:966,0
DA:971,0
DA:975,0
DA:979,0
DA:983,0
DA:987,0
DA:988,0
DA:989,0
DA:990,0
DA:992,0
DA:993,0
DA:995,0
DA:996,0
DA:997,0
DA:999,0
DA:1000,0
DA:1001,0
DA:1004,0
DA:1008,0
DA:1012,0
DA:1016,0
DA:1020,0
DA:1024,0
DA:1025,0
DA:1026,0
DA:1027,0
DA:1028,0
DA:1030,0
DA:1031,0
DA:1033,0
DA:1034,0
DA:1035,0
DA:1037,0
DA:1038,0
DA:1041,0
DA:1045,0
DA:1049,0
DA:1053,0
DA:1057,0
DA:1061,0
DA:1062,0
DA:1063,0
DA:1064,0
DA:1065,0
DA:1067,0
DA:1068,0
DA:1070,0
DA:1071,0
DA:1072,0
DA:1073,0
DA:1077,0
DA:1081,0
DA:1085,0
DA:1089,0
DA:1092,0
DA:1096,0
DA:1097,0
DA:1098,0
DA:1099,0
DA:1101,0
DA:1102,0
DA:1104,0
DA:1105,0
DA:1106,0
DA:1108,0
DA:1109,0
DA:1112,0
DA:1116,0
DA:1120,0
DA:1124,0
DA:1127,0
DA:1131,0
DA:1132,0
DA:1136,0
DA:1139,0
LF:552
LH:0
BRDA:26,0,0,0
BRDA:26,0,1,0
BRDA:29,1,0,0
BRDA:29,1,1,0
BRDA:29,2,0,0
BRDA:29,2,1,0
BRDA:30,3,0,0
BRDA:30,3,1,0
BRDA:31,4,0,0
BRDA:31,4,1,0
BRDA:40,5,0,0
BRDA:40,5,1,0
BRDA:65,6,0,0
BRDA:65,6,1,0
BRDA:68,7,0,0
BRDA:68,7,1,0
BRDA:68,8,0,0
BRDA:68,8,1,0
BRDA:69,9,0,0
BRDA:69,9,1,0
BRDA:72,10,0,0
BRDA:72,10,1,0
BRDA:107,11,0,0
BRDA:107,11,1,0
BRDA:110,12,0,0
BRDA:110,12,1,0
BRDA:110,13,0,0
BRDA:110,13,1,0
BRDA:111,14,0,0
BRDA:111,14,1,0
BRDA:112,15,0,0
BRDA:112,15,1,0
BRDA:146,16,0,0
BRDA:146,16,1,0
BRDA:149,17,0,0
BRDA:149,17,1,0
BRDA:149,18,0,0
BRDA:149,18,1,0
BRDA:153,19,0,0
BRDA:153,19,1,0
BRDA:179,20,0,0
BRDA:179,20,1,0
BRDA:182,21,0,0
BRDA:182,21,1,0
BRDA:182,22,0,0
BRDA:182,22,1,0
BRDA:192,23,0,0
BRDA:192,23,1,0
BRDA:195,24,0,0
BRDA:195,24,1,0
BRDA:196,25,0,0
BRDA:196,25,1,0
BRDA:209,26,0,0
BRDA:209,26,1,0
BRDA:237,27,0,0
BRDA:237,27,1,0
BRDA:240,28,0,0
BRDA:240,28,1,0
BRDA:240,29,0,0
BRDA:240,29,1,0
BRDA:241,30,0,0
BRDA:241,30,1,0
BRDA:244,31,0,0
BRDA:244,31,1,0
BRDA:245,32,0,0
BRDA:245,32,1,0
BRDA:277,33,0,0
BRDA:277,33,1,0
BRDA:280,34,0,0
BRDA:280,34,1,0
BRDA:280,35,0,0
BRDA:280,35,1,0
BRDA:301,36,0,0
BRDA:301,36,1,0
BRDA:304,37,0,0
BRDA:304,37,1,0
BRDA:304,38,0,0
BRDA:304,38,1,0
BRDA:305,39,0,0
BRDA:305,39,1,0
BRDA:308,40,0,0
BRDA:308,40,1,0
BRDA:336,41,0,0
BRDA:336,41,1,0
BRDA:339,42,0,0
BRDA:339,42,1,0
BRDA:339,43,0,0
BRDA:339,43,1,0
BRDA:340,44,0,0
BRDA:340,44,1,0
BRDA:343,45,0,0
BRDA:343,45,1,0
BRDA:372,46,0,0
BRDA:372,46,1,0
BRDA:375,47,0,0
BRDA:375,47,1,0
BRDA:375,48,0,0
BRDA:375,48,1,0
BRDA:376,49,0,0
BRDA:376,49,1,0
BRDA:379,50,0,0
BRDA:379,50,1,0
BRDA:408,51,0,0
BRDA:408,51,1,0
BRDA:411,52,0,0
BRDA:411,52,1,0
BRDA:411,53,0,0
BRDA:411,53,1,0
BRDA:412,54,0,0
BRDA:412,54,1,0
BRDA:415,55,0,0
BRDA:415,55,1,0
BRDA:443,56,0,0
BRDA:443,56,1,0
BRDA:446,57,0,0
BRDA:446,57,1,0
BRDA:446,58,0,0
BRDA:446,58,1,0
BRDA:447,59,0,0
BRDA:447,59,1,0
BRDA:451,60,0,0
BRDA:451,60,1,0
BRDA:454,61,0,0
BRDA:454,61,1,0
BRDA:483,62,0,0
BRDA:483,62,1,0
BRDA:486,63,0,0
BRDA:486,63,1,0
BRDA:486,64,0,0
BRDA:486,64,1,0
BRDA:487,65,0,0
BRDA:487,65,1,0
BRDA:491,66,0,0
BRDA:491,66,1,0
BRDA:494,67,0,0
BRDA:494,67,1,0
BRDA:523,68,0,0
BRDA:523,68,1,0
BRDA:526,69,0,0
BRDA:526,69,1,0
BRDA:526,70,0,0
BRDA:526,70,1,0
BRDA:527,71,0,0
BRDA:527,71,1,0
BRDA:531,72,0,0
BRDA:531,72,1,0
BRDA:534,73,0,0
BRDA:534,73,1,0
BRDA:572,74,0,0
BRDA:572,74,1,0
BRDA:575,75,0,0
BRDA:575,75,1,0
BRDA:575,76,0,0
BRDA:575,76,1,0
BRDA:576,77,0,0
BRDA:576,77,1,0
BRDA:580,78,0,0
BRDA:580,78,1,0
BRDA:582,79,0,0
BRDA:582,79,1,0
BRDA:582,79,2,0
BRDA:584,80,0,0
BRDA:584,80,1,0
BRDA:589,81,0,0
BRDA:589,81,1,0
BRDA:594,82,0,0
BRDA:594,82,1,0
BRDA:600,83,0,0
BRDA:600,83,1,0
BRDA:632,84,0,0
BRDA:632,84,1,0
BRDA:635,85,0,0
BRDA:635,85,1,0
BRDA:635,86,0,0
BRDA:635,86,1,0
BRDA:636,87,0,0
BRDA:636,87,1,0
BRDA:637,88,0,0
BRDA:637,88,1,0
BRDA:643,89,0,0
BRDA:643,89,1,0
BRDA:646,90,0,0
BRDA:646,90,1,0
BRDA:647,91,0,0
BRDA:647,91,1,0
BRDA:651,92,0,0
BRDA:651,92,1,0
BRDA:657,93,0,0
BRDA:657,93,1,0
BRDA:690,94,0,0
BRDA:690,94,1,0
BRDA:693,95,0,0
BRDA:693,95,1,0
BRDA:693,96,0,0
BRDA:693,96,1,0
BRDA:694,97,0,0
BRDA:694,97,1,0
BRDA:695,98,0,0
BRDA:695,98,1,0
BRDA:699,99,0,0
BRDA:699,99,1,0
BRDA:700,100,0,0
BRDA:700,100,1,0
BRDA:704,101,0,0
BRDA:704,101,1,0
BRDA:710,102,0,0
BRDA:710,102,1,0
BRDA:741,103,0,0
BRDA:741,103,1,0
BRDA:744,104,0,0
BRDA:744,104,1,0
BRDA:744,105,0,0
BRDA:744,105,1,0
BRDA:747,106,0,0
BRDA:747,106,1,0
BRDA:748,107,0,0
BRDA:748,107,1,0
BRDA:752,108,0,0
BRDA:752,108,1,0
BRDA:758,109,0,0
BRDA:758,109,1,0
BRDA:784,110,0,0
BRDA:784,110,1,0
BRDA:787,111,0,0
BRDA:787,111,1,0
BRDA:787,112,0,0
BRDA:787,112,1,0
BRDA:790,113,0,0
BRDA:790,113,1,0
BRDA:791,114,0,0
BRDA:791,114,1,0
BRDA:821,115,0,0
BRDA:821,115,1,0
BRDA:824,116,0,0
BRDA:824,116,1,0
BRDA:824,117,0,0
BRDA:824,117,1,0
BRDA:825,118,0,0
BRDA:825,118,1,0
BRDA:826,119,0,0
BRDA:826,119,1,0
BRDA:829,120,0,0
BRDA:829,120,1,0
BRDA:830,121,0,0
BRDA:830,121,1,0
BRDA:834,122,0,0
BRDA:834,122,1,0
BRDA:840,123,0,0
BRDA:840,123,1,0
BRDA:871,124,0,0
BRDA:871,124,1,0
BRDA:874,125,0,0
BRDA:874,125,1,0
BRDA:874,126,0,0
BRDA:874,126,1,0
BRDA:877,127,0,0
BRDA:877,127,1,0
BRDA:878,128,0,0
BRDA:878,128,1,0
BRDA:882,129,0,0
BRDA:882,129,1,0
BRDA:888,130,0,0
BRDA:888,130,1,0
BRDA:915,131,0,0
BRDA:915,131,1,0
BRDA:918,132,0,0
BRDA:918,132,1,0
BRDA:918,133,0,0
BRDA:918,133,1,0
BRDA:921,134,0,0
BRDA:921,134,1,0
BRDA:922,135,0,0
BRDA:922,135,1,0
BRDA:954,136,0,0
BRDA:954,136,1,0
BRDA:957,137,0,0
BRDA:957,137,1,0
BRDA:957,138,0,0
BRDA:957,138,1,0
BRDA:958,139,0,0
BRDA:958,139,1,0
BRDA:962,140,0,0
BRDA:962,140,1,0
BRDA:992,141,0,0
BRDA:992,141,1,0
BRDA:995,142,0,0
BRDA:995,142,1,0
BRDA:995,143,0,0
BRDA:995,143,1,0
BRDA:996,144,0,0
BRDA:996,144,1,0
BRDA:999,145,0,0
BRDA:999,145,1,0
BRDA:1030,146,0,0
BRDA:1030,146,1,0
BRDA:1033,147,0,0
BRDA:1033,147,1,0
BRDA:1033,148,0,0
BRDA:1033,148,1,0
BRDA:1034,149,0,0
BRDA:1034,149,1,0
BRDA:1037,150,0,0
BRDA:1037,150,1,0
BRDA:1067,151,0,0
BRDA:1067,151,1,0
BRDA:1070,152,0,0
BRDA:1070,152,1,0
BRDA:1070,153,0,0
BRDA:1070,153,1,0
BRDA:1071,154,0,0
BRDA:1071,154,1,0
BRDA:1072,155,0,0
BRDA:1072,155,1,0
BRDA:1101,156,0,0
BRDA:1101,156,1,0
BRDA:1104,157,0,0
BRDA:1104,157,1,0
BRDA:1104,158,0,0
BRDA:1104,158,1,0
BRDA:1105,159,0,0
BRDA:1105,159,1,0
BRDA:1108,160,0,0
BRDA:1108,160,1,0
BRF:323
BRH:0
end_of_record
TN:
SF:routes/Admin.js
FN:12,(anonymous_0)
FN:52,(anonymous_1)
FN:80,(anonymous_2)
FN:113,(anonymous_3)
FN:143,(anonymous_4)
FN:174,(anonymous_5)
FN:202,(anonymous_6)
FNF:7
FNH:0
FNDA:0,(anonymous_0)
FNDA:0,(anonymous_1)
FNDA:0,(anonymous_2)
FNDA:0,(anonymous_3)
FNDA:0,(anonymous_4)
FNDA:0,(anonymous_5)
FNDA:0,(anonymous_6)
DA:1,0
DA:2,0
DA:3,0
DA:4,0
DA:5,0
DA:6,0
DA:7,0
DA:8,0
DA:9,0
DA:12,0
DA:13,0
DA:14,0
DA:15,0
DA:16,0
DA:17,0
DA:18,0
DA:19,0
DA:20,0
DA:22,0
DA:23,0
DA:25,0
DA:27,0
DA:28,0
DA:31,0
DA:34,0
DA:37,0
DA:41,0
DA:45,0
DA:48,0
DA:52,0
DA:53,0
DA:54,0
DA:55,0
DA:57,0
DA:58,0
DA:60,0
DA:61,0
DA:62,0
DA:65,0
DA:69,0
DA:73,0
DA:76,0
DA:80,0
DA:81,0
DA:82,0
DA:83,0
DA:84,0
DA:85,0
DA:86,0
DA:87,0
DA:88,0
DA:90,0
DA:91,0
DA:93,0
DA:94,0
DA:95,0
DA:98,0
DA:102,0
DA:106,0
DA:109,0
DA:113,0
DA:114,0
DA:115,0
DA:116,0
DA:117,0
DA:119,0
DA:120,0
DA:122,0
DA:123,0
DA:124,0
DA:127,0
DA:131,0
DA:135,0
DA:138,0
DA:143,0
DA:144,0
DA:145,0
DA:146,0
DA:147,0
DA:148,0
DA:149,0
DA:151,0
DA:152,0
DA:154,0
DA:155,0
DA:156,0
DA:159,0
DA:163,0
DA:167,0
DA:170,0
DA:174,0
DA:175,0
DA:176,0
DA:177,0
DA:179,0
DA:180,0
DA:182,0
DA:183,0
DA:184,0
DA:187,0
DA:191,0
DA:195,0
DA:198,0
DA:202,0
DA:203,0
DA:204,0
DA:205,0
DA:206,0
DA:207,0
DA:208,0
DA:209,0
DA:211,0
DA:212,0
DA:214,0
DA:215,0
DA:216,0
DA:219,0
DA:223,0
DA:227,0
DA:230,0
DA:234,0
LF:121
LH:0
BRDA:22,0,0,0
BRDA:22,0,1,0
BRDA:25,1,0,0
BRDA:25,1,1,0
BRDA:25,2,0,0
BRDA:25,2,1,0
BRDA:27,3,0,0
BRDA:27,3,1,0
BRDA:31,4,0,0
BRDA:31,4,1,0
BRDA:57,5,0,0
BRDA:57,5,1,0
BRDA:60,6,0,0
BRDA:60,6,1,0
BRDA:60,7,0,0
BRDA:60,7,1,0
BRDA:61,8,0,0
BRDA:61,8,1,0
BRDA:90,9,0,0
BRDA:90,9,1,0
BRDA:93,10,0,0
BRDA:93,10,1,0
BRDA:93,11,0,0
BRDA:93,11,1,0
BRDA:94,12,0,0
BRDA:94,12,1,0
BRDA:119,13,0,0
BRDA:119,13,1,0
BRDA:122,14,0,0
BRDA:122,14,1,0
BRDA:122,15,0,0
BRDA:122,15,1,0
BRDA:123,16,0,0
BRDA:123,16,1,0
BRDA:151,17,0,0
BRDA:151,17,1,0
BRDA:154,18,0,0
BRDA:154,18,1,0
BRDA:154,19,0,0
BRDA:154,19,1,0
BRDA:155,20,0,0
BRDA:155,20,1,0
BRDA:179,21,0,0
BRDA:179,21,1,0
BRDA:182,22,0,0
BRDA:182,22,1,0
BRDA:182,23,0,0
BRDA:182,23,1,0
BRDA:183,24,0,0
BRDA:183,24,1,0
BRDA:211,25,0,0
BRDA:211,25,1,0
BRDA:214,26,0,0
BRDA:214,26,1,0
BRDA:214,27,0,0
BRDA:214,27,1,0
BRDA:215,28,0,0
BRDA:215,28,1,0
BRF:58
BRH:0
end_of_record
TN:
SF:routes/Auth.js
FN:15,(anonymous_0)
FN:24,(anonymous_1)
FN:45,(anonymous_2)
FN:54,(anonymous_3)
FN:55,(anonymous_4)
FN:106,(anonymous_5)
FN:125,(anonymous_6)
FNF:7
FNH:0
FNDA:0,(anonymous_0)
FNDA:0,(anonymous_1)
FNDA:0,(anonymous_2)
FNDA:0,(anonymous_3)
FNDA:0,(anonymous_4)
FNDA:0,(anonymous_5)
FNDA:0,(anonymous_6)
DA:1,0
DA:2,0
DA:3,0
DA:4,0
DA:5,0
DA:6,0
DA:7,0
DA:8,0
DA:9,0
DA:10,0
DA:11,0
DA:12,0
DA:15,0
DA:16,0
DA:17,0
DA:18,0
DA:20,0
DA:21,0
DA:23,0
DA:24,0
DA:25,0
DA:26,0
DA:28,0
DA:29,0
DA:30,0
DA:33,0
DA:38,0
DA:41,0
DA:45,0
DA:46,0
DA:47,0
DA:48,0
DA:50,0
DA:51,0
DA:53,0
DA:54,0
DA:55,0
DA:56,0
DA:57,0
DA:60,0
DA:65,0
DA:66,0
DA:67,0
DA:73,0
DA:74,0
DA:75,0
DA:79,0
DA:81,0
DA:82,0
DA:83,0
DA:86,0
DA:87,0
DA:92,0
DA:93,0
DA:97,0
DA:98,0
DA:101,0
DA:102,0
DA:106,0
DA:107,0
DA:108,0
DA:109,0
DA:111,0
DA:112,0
DA:115,0
DA:117,0
DA:118,0
DA:120,0
DA:121,0
DA:125,0
DA:126,0
DA:127,0
DA:129,0
DA:130,0
DA:133,0
DA:134,0
DA:136,0
DA:137,0
DA:139,0
DA:140,0
DA:141,0
DA:142,0
DA:145,0
DA:147,0
DA:148,0
DA:149,0
DA:152,0
DA:159,0
DA:162,0
DA:165,0
DA:166,0
DA:176,0
DA:177,0
DA:182,0
DA:184,0
DA:186,0
DA:187,0
DA:190,0
LF:98
LH:0
BRDA:20,0,0,0
BRDA:20,0,1,0
BRDA:23,1,0,0
BRDA:23,1,1,0
BRDA:25,2,0,0
BRDA:25,2,1,0
BRDA:28,3,0,0
BRDA:28,3,1,0
BRDA:29,4,0,0
BRDA:29,4,1,0
BRDA:50,5,0,0
BRDA:50,5,1,0
BRDA:53,6,0,0
BRDA:53,6,1,0
BRDA:53,7,0,0
BRDA:53,7,1,0
BRDA:56,8,0,0
BRDA:56,8,1,0
BRDA:65,9,0,0
BRDA:65,9,1,0
BRDA:79,10,0,0
BRDA:79,10,1,0
BRDA:83,11,0,0
BRDA:83,11,1,0
BRDA:108,12,0,0
BRDA:108,12,1,0
BRDA:111,13,0,0
BRDA:111,13,1,0
BRDA:126,14,0,0
BRDA:126,14,1,0
BRDA:129,15,0,0
BRDA:129,15,1,0
BRDA:137,16,0,0
BRDA:137,16,1,0
BRDA:140,17,0,0
BRDA:140,17,1,0
BRDA:140,18,0,0
BRDA:140,18,1,0
BRDA:147,19,0,0
BRDA:147,19,1,0
BRDA:169,20,0,0
BRDA:169,20,1,0
BRDA:176,21,0,0
BRDA:176,21,1,0
BRF:44
BRH:0
end_of_record
TN:
SF:routes/Employee.js
FN:13,(anonymous_0)
FN:34,(anonymous_1)
FN:47,(anonymous_2)
FN:48,(anonymous_3)
FN:59,(anonymous_4)
FN:81,(anonymous_5)
FNF:6
FNH:0
FNDA:0,(anonymous_0)
FNDA:0,(anonymous_1)
FNDA:0,(anonymous_2)
FNDA:0,(anonymous_3)
FNDA:0,(anonymous_4)
FNDA:0,(anonymous_5)
DA:1,0
DA:2,0
DA:3,0
DA:4,0
DA:5,0
DA:6,0
DA:7,0
DA:8,0
DA:9,0
DA:10,0
DA:13,0
DA:14,0
DA:15,0
DA:17,0
DA:18,0
DA:19,0
DA:20,0
DA:23,0
DA:27,0
DA:30,0
DA:34,0
DA:35,0
DA:36,0
DA:37,0
DA:38,0
DA:39,0
DA:40,0
DA:41,0
DA:42,0
DA:44,0
DA:45,0
DA:47,0
DA:48,0
DA:49,0
DA:50,0
DA:53,0
DA:58,0
DA:59,0
DA:60,0
DA:61,0
DA:63,0
DA:64,0
DA:69,0
DA:73,0
DA:76,0
DA:81,0
DA:82,0
DA:83,0
DA:84,0
DA:85,0
DA:86,0
DA:87,0
DA:88,0
DA:89,0
DA:90,0
DA:91,0
DA:93,0
DA:94,0
DA:96,0
DA:97,0
DA:98,0
DA:99,0
DA:100,0
DA:101,0
DA:104,0
DA:107,0
DA:108,0
DA:111,0
DA:114,0
DA:115,0
DA:116,0
DA:119,0
DA:123,0
DA:127,0
DA:131,0
DA:135,0
DA:138,0
DA:142,0
LF:78
LH:0
BRDA:17,0,0,0
BRDA:17,0,1,0
BRDA:19,1,0,0
BRDA:19,1,1,0
BRDA:44,2,0,0
BRDA:44,2,1,0
BRDA:49,3,0,0
BRDA:49,3,1,0
BRDA:58,4,0,0
BRDA:58,4,1,0
BRDA:60,5,0,0
BRDA:60,5,1,0
BRDA:63,6,0,0
BRDA:63,6,1,0
BRDA:93,7,0,0
BRDA:93,7,1,0
BRDA:96,8,0,0
BRDA:96,8,1,0
BRDA:96,9,0,0
BRDA:96,9,1,0
BRDA:96,9,2,0
BRDA:97,10,0,0
BRDA:97,10,1,0
BRDA:98,11,0,0
BRDA:98,11,1,0
BRDA:99,12,0,0
BRDA:99,12,1,0
BRDA:100,13,0,0
BRDA:100,13,1,0
BRDA:107,14,0,0
BRDA:107,14,1,0
BRDA:114,15,0,0
BRDA:114,15,1,0
BRDA:115,16,0,0
BRDA:115,16,1,0
BRF:35
BRH:0
end_of_record
